{"meta": {"format": 3, "version": "7.15.4", "timestamp": "2026-08-27T10:05:21.615770", "branch_coverage": true, "show_contexts": false}, "files": {"src\\__init__.py": {"executed_lines": [], "summary": {"covered_lines": 0, "num_statements": 0, "percent_covered": 100.0, "percent_covered_display": "100", "missing_lines": 0, "excluded_lines": 0, "percent_statements_covered": 100.0, "percent_statements_covered_display": "100", "num_branches": 0, "num_partial_branches": 0, "covered_branches": 0, "missing_branches": 0, "percent_branches_covered": 100.0, "percent_branches_covered_display": "100"}, "missing_lines": [], "excluded_lines": [], "executed_branches": [], "missing_branches": [], "functions": {"": {"executed_lines": [], "summary": {"covered_lines": 0, "num_statements": 0, "percent_covered": 100.0, "percent_covered_display": "100", "missing_lines": 0, "excluded_lines": 0, "percent_statements_covered": 100.0, "percent_statements_covered_display": "100", "num_branches": 0, "num_partial_branches": 0, "covered_branches": 0, "missing_branches": 0, "percent_branches_covered": 100.0, "percent_branches_covered_display": "100"}, "missing_lines": [], "excluded_lines": [], "start_line": 1, "executed_branches": [], "missing_branches": []}}, "classes": {"": {"executed_lines": [], "summary": {"covered_lines": 0, "num_statements": 0, "percent_covered": 100.0, "percent_covered_display": "100", "missing_lines": 0, "excluded_lines": 0, "percent_statements_covered": 100.0, "percent_statements_covered_display": "100", "num_branches": 0, "num_partial_branches": 0, "covered_branches": 0, "missing_branches": 0, "percent_branches_covered": 100.0, "percent_branches_covered_display": "100"}, "missing_lines": [], "excluded_lines": [], "start_line": 1, "executed_branches": [], "missing_branches": []}}}, "src\\backtest.py": {"executed_lines": [3, 5, 6, 8, 10, 12, 15, 16, 17, 18, 19, 20, 21, 23, 24, 26, 30, 31, 32, 33, 34, 35, 36, 39, 42, 43, 45, 46, 48, 49, 51, 53, 54, 55, 57, 58, 59, 60, 62, 63, 64, 65, 69, 70, 71, 72, 73, 75, 76, 78, 80, 87, 88, 89, 90, 91, 92, 93, 94, 95, 96, 97, 99, 103, 104, 105, 106, 107, 108, 109, 110, 111, 112, 120, 121, 122, 123, 125, 129, 130, 131, 132, 133, 134, 135, 136, 137, 138, 140, 152, 158, 159, 160, 161, 162, 163, 164, 165, 166, 167, 178, 180, 181, 183, 184, 185, 186, 187, 189, 190, 191, 192, 193, 194, 204, 205, 206, 207, 208, 217, 218, 219, 220, 222, 223, 224, 225, 233, 241, 242], "summary": {"covered_lines": 130, "num_statements": 140, "percent_covered": 89.01098901098901, "percent_covered_display": "89", "missing_lines": 10, "excluded_lines": 0, "percent_statements_covered": 92.85714285714286, "percent_statements_covered_display": "93", "num_branches": 42, "num_partial_branches": 10, "covered_branches": 32, "missing_branches": 10, "percent_branches_covered": 76.19047619047619, "percent_branches_covered_display": "76"}, "missing_lines": [25, 27, 44, 47, 50, 52, 74, 77, 139, 179], "excluded_lines": [], "executed_branches": [[24, 26], [26, -23], [43, 45], [46, 48], [49, 51], [51, 53], [63, 64], [63, 65], [73, 75], [76, 78], [105, 106], [105, 123], [109, 110], [109, 111], [131, 132], [131, 152], [138, 140], [159, 160], [159, 178], [178, 180], [180, -125], [180, 181], [183, 184], [183, 222], [185, 186], [185, 189], [192, 193], [192, 204], [204, 205], [204, 208], [208, 183], [208, 217]], "missing_branches": [[24, 25], [26, 27], [43, 44], [46, 47], [49, 50], [51, 52], [73, 74], [76, 77], [138, 139], [178, 179]], "functions": {"BacktestConfig.__post_init__": {"executed_lines": [24, 26], "summary": {"covered_lines": 2, "num_statements": 4, "percent_covered": 50.0, "percent_covered_display": "50", "missing_lines": 2, "excluded_lines": 0, "percent_statements_covered": 50.0, "percent_statements_covered_display": "50", "num_branches": 4, "num_partial_branches": 2, "covered_branches": 2, "missing_branches": 2, "percent_branches_covered": 50.0, "percent_branches_covered_display": "50"}, "missing_lines": [25, 27], "excluded_lines": [], "start_line": 23, "executed_branches": [[24, 26], [26, -23]], "missing_branches": [[24, 25], [26, 27]]}, "EventDrivenBacktester.__init__": {"executed_lines": [43, 45, 46, 48, 49, 51, 53, 54, 55], "summary": {"covered_lines": 9, "num_statements": 13, "percent_covered": 61.904761904761905, "percent_covered_display": "62", "missing_lines": 4, "excluded_lines": 0, "percent_statements_covered": 69.23076923076923, "percent_statements_covered_display": "69", "num_branches": 8, "num_partial_branches": 4, "covered_branches": 4, "missing_branches": 4, "percent_branches_covered": 50.0, "percent_branches_covered_display": "50"}, "missing_lines": [44, 47, 50, 52], "excluded_lines": [], "start_line": 42, "executed_branches": [[43, 45], [46, 48], [49, 51], [51, 53]], "missing_branches": [[43, 44], [46, 47], [49, 50], [51, 52]]}, "EventDrivenBacktester._week_key": {"executed_lines": [59, 60], "summary": {"covered_lines": 2, "num_statements": 2, "percent_covered": 100.0, "percent_covered_display": "100", "missing_lines": 0, "excluded_lines": 0, "percent_statements_covered": 100.0, "percent_statements_covered_display": "100", "num_branches": 0, "num_partial_branches": 0, "covered_branches": 0, "missing_branches": 0, "percent_branches_covered": 100.0, "percent_branches_covered_display": "100"}, "missing_lines": [], "excluded_lines": [], "start_line": 58, "executed_branches": [], "missing_branches": []}, "EventDrivenBacktester._is_last_available_bar_of_week": {"executed_lines": [63, 64, 65], "summary": {"covered_lines": 3, "num_statements": 3, "percent_covered": 100.0, "percent_covered_display": "100", "missing_lines": 0, "excluded_lines": 0, "percent_statements_covered": 100.0, "percent_statements_covered_display": "100", "num_branches": 2, "num_partial_branches": 0, "covered_branches": 2, "missing_branches": 0, "percent_branches_covered": 100.0, "percent_branches_covered_display": "100"}, "missing_lines": [], "excluded_lines": [], "start_line": 62, "executed_branches": [[63, 64], [63, 65]], "missing_branches": []}, "EventDrivenBacktester._extract_weights": {"executed_lines": [71, 72, 73, 75, 76, 78], "summary": {"covered_lines": 6, "num_statements": 8, "percent_covered": 66.66666666666667, "percent_covered_display": "67", "missing_lines": 2, "excluded_lines": 0, "percent_statements_covered": 75.0, "percent_statements_covered_display": "75", "num_branches": 4, "num_partial_branches": 2, "covered_branches": 2, "missing_branches": 2, "percent_branches_covered": 50.0, "percent_branches_covered_display": "50"}, "missing_lines": [74, 77], "excluded_lines": [], "start_line": 70, "executed_branches": [[73, 75], [76, 78]], "missing_branches": [[73, 74], [76, 77]]}, "EventDrivenBacktester.run": {"executed_lines": [87, 88, 89, 90, 91, 92, 93, 94, 95, 96, 97, 99, 125, 183, 184, 185, 186, 187, 189, 190, 191, 192, 193, 194, 204, 205, 206, 207, 208, 217, 218, 219, 220, 222, 223, 224, 225, 233, 241, 242], "summary": {"covered_lines": 40, "num_statements": 40, "percent_covered": 100.0, "percent_covered_display": "100", "missing_lines": 0, "excluded_lines": 0, "percent_statements_covered": 100.0, "percent_statements_covered_display": "100", "num_branches": 10, "num_partial_branches": 0, "covered_branches": 10, "missing_branches": 0, "percent_branches_covered": 100.0, "percent_branches_covered_display": "100"}, "missing_lines": [], "excluded_lines": [], "start_line": 80, "executed_branches": [[183, 184], [183, 222], [185, 186], [185, 189], [192, 193], [192, 204], [204, 205], [204, 208], [208, 183], [208, 217]], "missing_branches": []}, "EventDrivenBacktester.run.create_orders": {"executed_lines": [103, 104, 105, 106, 107, 108, 109, 110, 111, 112, 120, 121, 122, 123], "summary": {"covered_lines": 14, "num_statements": 14, "percent_covered": 100.0, "percent_covered_display": "100", "missing_lines": 0, "excluded_lines": 0, "percent_statements_covered": 100.0, "percent_statements_covered_display": "100", "num_branches": 4, "num_partial_branches": 0, "covered_branches": 4, "missing_branches": 0, "percent_branches_covered": 100.0, "percent_branches_covered_display": "100"}, "missing_lines": [], "excluded_lines": [], "start_line": 99, "executed_branches": [[105, 106], [105, 123], [109, 110], [109, 111]], "missing_branches": []}, "EventDrivenBacktester.run.execute_orders": {"executed_lines": [129, 130, 131, 132, 133, 134, 135, 136, 137, 138, 140, 152, 158, 159, 160, 161, 162, 163, 164, 165, 166, 167, 178, 180, 181], "summary": {"covered_lines": 25, "num_statements": 27, "percent_covered": 89.1891891891892, "percent_covered_display": "89", "missing_lines": 2, "excluded_lines": 0, "percent_statements_covered": 92.5925925925926, "percent_statements_covered_display": "93", "num_branches": 10, "num_partial_branches": 2, "covered_branches": 8, "missing_branches": 2, "percent_branches_covered": 80.0, "percent_branches_covered_display": "80"}, "missing_lines": [139, 179], "excluded_lines": [], "start_line": 125, "executed_branches": [[131, 132], [131, 152], [138, 140], [159, 160], [159, 178], [178, 180], [180, -125], [180, 181]], "missing_branches": [[138, 139], [178, 179]]}, "": {"executed_lines": [3, 5, 6, 8, 10, 12, 15, 16, 17, 18, 19, 20, 21, 23, 30, 31, 32, 33, 34, 35, 36, 39, 42, 57, 58, 62, 69, 70, 80], "summary": {"covered_lines": 29, "num_statements": 29, "percent_covered": 100.0, "percent_covered_display": "100", "missing_lines": 0, "excluded_lines": 0, "percent_statements_covered": 100.0, "percent_statements_covered_display": "100", "num_branches": 0, "num_partial_branches": 0, "covered_branches": 0, "missing_branches": 0, "percent_branches_covered": 100.0, "percent_branches_covered_display": "100"}, "missing_lines": [], "excluded_lines": [], "start_line": 1, "executed_branches": [], "missing_branches": []}}, "classes": {"BacktestConfig": {"executed_lines": [24, 26], "summary": {"covered_lines": 2, "num_statements": 4, "percent_covered": 50.0, "percent_covered_display": "50", "missing_lines": 2, "excluded_lines": 0, "percent_statements_covered": 50.0, "percent_statements_covered_display": "50", "num_branches": 4, "num_partial_branches": 2, "covered_branches": 2, "missing_branches": 2, "percent_branches_covered": 50.0, "percent_branches_covered_display": "50"}, "missing_lines": [25, 27], "excluded_lines": [], "start_line": 16, "executed_branches": [[24, 26], [26, -23]], "missing_branches": [[24, 25], [26, 27]]}, "BacktestResult": {"executed_lines": [], "summary": {"covered_lines": 0, "num_statements": 0, "percent_covered": 100.0, "percent_covered_display": "100", "missing_lines": 0, "excluded_lines": 0, "percent_statements_covered": 100.0, "percent_statements_covered_display": "100", "num_branches": 0, "num_partial_branches": 0, "covered_branches": 0, "missing_branches": 0, "percent_branches_covered": 100.0, "percent_branches_covered_display": "100"}, "missing_lines": [], "excluded_lines": [], "start_line": 31, "executed_branches": [], "missing_branches": []}, "EventDrivenBacktester": {"executed_lines": [43, 45, 46, 48, 49, 51, 53, 54, 55, 59, 60, 63, 64, 65, 71, 72, 73, 75, 76, 78, 87, 88, 89, 90, 91, 92, 93, 94, 95, 96, 97, 99, 103, 104, 105, 106, 107, 108, 109, 110, 111, 112, 120, 121, 122, 123, 125, 129, 130, 131, 132, 133, 134, 135, 136, 137, 138, 140, 152, 158, 159, 160, 161, 162, 163, 164, 165, 166, 167, 178, 180, 181, 183, 184, 185, 186, 187, 189, 190, 191, 192, 193, 194, 204, 205, 206, 207, 208, 217, 218, 219, 220, 222, 223, 224, 225, 233, 241, 242], "summary": {"covered_lines": 99, "num_statements": 107, "percent_covered": 88.96551724137932, "percent_covered_display": "89", "missing_lines": 8, "excluded_lines": 0, "percent_statements_covered": 92.5233644859813, "percent_statements_covered_display": "93", "num_branches": 38, "num_partial_branches": 8, "covered_branches": 30, "missing_branches": 8, "percent_branches_covered": 78.94736842105263, "percent_branches_covered_display": "79"}, "missing_lines": [44, 47, 50, 52, 74, 77, 139, 179], "excluded_lines": [], "start_line": 39, "executed_branches": [[43, 45], [46, 48], [49, 51], [51, 53], [63, 64], [63, 65], [73, 75], [76, 78], [105, 106], [105, 123], [109, 110], [109, 111], [131, 132], [131, 152], [138, 140], [159, 160], [159, 178], [178, 180], [180, -125], [180, 181], [183, 184], [183, 222], [185, 186], [185, 189], [192, 193], [192, 204], [204, 205], [204, 208], [208, 183], [208, 217]], "missing_branches": [[43, 44], [46, 47], [49, 50], [51, 52], [73, 74], [76, 77], [138, 139], [178, 179]]}, "": {"executed_lines": [3, 5, 6, 8, 10, 12, 15, 16, 17, 18, 19, 20, 21, 23, 30, 31, 32, 33, 34, 35, 36, 39, 42, 57, 58, 62, 69, 70, 80], "summary": {"covered_lines": 29, "num_statements": 29, "percent_covered": 100.0, "percent_covered_display": "100", "missing_lines": 0, "excluded_lines": 0, "percent_statements_covered": 100.0, "percent_statements_covered_display": "100", "num_branches": 0, "num_partial_branches": 0, "covered_branches": 0, "missing_branches": 0, "percent_branches_covered": 100.0, "percent_branches_covered_display": "100"}, "missing_lines": [], "excluded_lines": [], "start_line": 1, "executed_branches": [], "missing_branches": []}}}, "src\\backtest_report.py": {"executed_lines": [3, 5, 6, 8, 10, 11, 14, 17, 19, 20, 22, 26, 27, 28, 29, 33, 35, 46, 47, 54, 61, 63, 66, 67, 69, 70, 71, 72, 73, 74, 75, 76, 77, 79, 90], "summary": {"covered_lines": 35, "num_statements": 36, "percent_covered": 95.0, "percent_covered_display": "95", "missing_lines": 1, "excluded_lines": 0, "percent_statements_covered": 97.22222222222223, "percent_statements_covered_display": "97", "num_branches": 4, "num_partial_branches": 1, "covered_branches": 3, "missing_branches": 1, "percent_branches_covered": 75.0, "percent_branches_covered_display": "75"}, "missing_lines": [18], "excluded_lines": [], "executed_branches": [[17, 19], [46, 47], [46, 54]], "missing_branches": [[17, 18]], "functions": {"write_backtest_report": {"executed_lines": [17, 19, 20, 22, 26, 27, 28, 29, 33, 35, 46, 47, 54, 61, 63, 66, 67, 69, 70, 71, 72, 73, 74, 75, 76, 77, 79, 90], "summary": {"covered_lines": 28, "num_statements": 29, "percent_covered": 93.93939393939394, "percent_covered_display": "94", "missing_lines": 1, "excluded_lines": 0, "percent_statements_covered": 96.55172413793103, "percent_statements_covered_display": "97", "num_branches": 4, "num_partial_branches": 1, "covered_branches": 3, "missing_branches": 1, "percent_branches_covered": 75.0, "percent_branches_covered_display": "75"}, "missing_lines": [18], "excluded_lines": [], "start_line": 14, "executed_branches": [[17, 19], [46, 47], [46, 54]], "missing_branches": [[17, 18]]}, "": {"executed_lines": [3, 5, 6, 8, 10, 11, 14], "summary": {"covered_lines": 7, "num_statements": 7, "percent_covered": 100.0, "percent_covered_display": "100", "missing_lines": 0, "excluded_lines": 0, "percent_statements_covered": 100.0, "percent_statements_covered_display": "100", "num_branches": 0, "num_partial_branches": 0, "covered_branches": 0, "missing_branches": 0, "percent_branches_covered": 100.0, "percent_branches_covered_display": "100"}, "missing_lines": [], "excluded_lines": [], "start_line": 1, "executed_branches": [], "missing_branches": []}}, "classes": {"": {"executed_lines": [3, 5, 6, 8, 10, 11, 14, 17, 19, 20, 22, 26, 27, 28, 29, 33, 35, 46, 47, 54, 61, 63, 66, 67, 69, 70, 71, 72, 73, 74, 75, 76, 77, 79, 90], "summary": {"covered_lines": 35, "num_statements": 36, "percent_covered": 95.0, "percent_covered_display": "95", "missing_lines": 1, "excluded_lines": 0, "percent_statements_covered": 97.22222222222223, "percent_statements_covered_display": "97", "num_branches": 4, "num_partial_branches": 1, "covered_branches": 3, "missing_branches": 1, "percent_branches_covered": 75.0, "percent_branches_covered_display": "75"}, "missing_lines": [18], "excluded_lines": [], "start_line": 1, "executed_branches": [[17, 19], [46, 47], [46, 54]], "missing_branches": [[17, 18]]}}}, "src\\backup_restore.py": {"executed_lines": [3, 5, 6, 7, 8, 9, 11, 13, 16, 17, 18, 19, 20, 21, 24, 25, 26, 27, 28, 31, 34, 50, 58, 61, 62, 63, 64, 74, 83, 84, 85, 86, 87, 88, 89, 90, 91, 92, 93, 94, 95, 96, 97, 98, 99, 100, 101, 110, 111, 112, 115, 116, 119, 120, 121, 122, 123, 124, 125, 126, 127, 128, 130, 131, 137, 139, 142, 143, 144, 145, 146, 147, 148, 149], "summary": {"covered_lines": 74, "num_statements": 76, "percent_covered": 95.74468085106383, "percent_covered_display": "96", "missing_lines": 2, "excluded_lines": 0, "percent_statements_covered": 97.36842105263158, "percent_statements_covered_display": "97", "num_branches": 18, "num_partial_branches": 2, "covered_branches": 16, "missing_branches": 2, "percent_branches_covered": 88.88888888888889, "percent_branches_covered_display": "89"}, "missing_lines": [129, 138], "excluded_lines": [], "executed_branches": [[19, 20], [19, 21], [92, 93], [92, 96], [94, 92], [94, 95], [97, 98], [97, 100], [98, 97], [98, 99], [123, 124], [123, 127], [125, 123], [125, 126], [128, 130], [137, 139]], "missing_branches": [[128, 129], [137, 138]], "functions": {"_sha256": {"executed_lines": [17, 18, 19, 20, 21], "summary": {"covered_lines": 5, "num_statements": 5, "percent_covered": 100.0, "percent_covered_display": "100", "missing_lines": 0, "excluded_lines": 0, "percent_statements_covered": 100.0, "percent_statements_covered_display": "100", "num_branches": 2, "num_partial_branches": 0, "covered_branches": 2, "missing_branches": 0, "percent_branches_covered": 100.0, "percent_branches_covered_display": "100"}, "missing_lines": [], "excluded_lines": [], "start_line": 16, "executed_branches": [[19, 20], [19, 21]], "missing_branches": []}, "_database_checks": {"executed_lines": [25, 26, 27, 28, 31, 34, 50, 58, 61, 62, 63, 64], "summary": {"covered_lines": 12, "num_statements": 12, "percent_covered": 100.0, "percent_covered_display": "100", "missing_lines": 0, "excluded_lines": 0, "percent_statements_covered": 100.0, "percent_statements_covered_display": "100", "num_branches": 0, "num_partial_branches": 0, "covered_branches": 0, "missing_branches": 0, "percent_branches_covered": 100.0, "percent_branches_covered_display": "100"}, "missing_lines": [], "excluded_lines": [], "start_line": 24, "executed_branches": [], "missing_branches": []}, "create_verified_backup": {"executed_lines": [83, 84, 85, 86, 87, 88, 89, 90, 91, 92, 93, 94, 95, 96, 97, 98, 99, 100, 101, 110, 111, 112, 115, 116], "summary": {"covered_lines": 24, "num_statements": 24, "percent_covered": 100.0, "percent_covered_display": "100", "missing_lines": 0, "excluded_lines": 0, "percent_statements_covered": 100.0, "percent_statements_covered_display": "100", "num_branches": 8, "num_partial_branches": 0, "covered_branches": 8, "missing_branches": 0, "percent_branches_covered": 100.0, "percent_branches_covered_display": "100"}, "missing_lines": [], "excluded_lines": [], "start_line": 74, "executed_branches": [[92, 93], [92, 96], [94, 92], [94, 95], [97, 98], [97, 100], [98, 97], [98, 99]], "missing_branches": []}, "verify_backup": {"executed_lines": [120, 121, 122, 123, 124, 125, 126, 127, 128, 130, 131, 137, 139], "summary": {"covered_lines": 13, "num_statements": 15, "percent_covered": 82.6086956521739, "percent_covered_display": "83", "missing_lines": 2, "excluded_lines": 0, "percent_statements_covered": 86.66666666666667, "percent_statements_covered_display": "87", "num_branches": 8, "num_partial_branches": 2, "covered_branches": 6, "missing_branches": 2, "percent_branches_covered": 75.0, "percent_branches_covered_display": "75"}, "missing_lines": [129, 138], "excluded_lines": [], "start_line": 119, "executed_branches": [[123, 124], [123, 127], [125, 123], [125, 126], [128, 130], [137, 139]], "missing_branches": [[128, 129], [137, 138]]}, "verify_restore_to_temporary": {"executed_lines": [143, 144, 145, 146, 147, 148, 149], "summary": {"covered_lines": 7, "num_statements": 7, "percent_covered": 100.0, "percent_covered_display": "100", "missing_lines": 0, "excluded_lines": 0, "percent_statements_covered": 100.0, "percent_statements_covered_display": "100", "num_branches": 0, "num_partial_branches": 0, "covered_branches": 0, "missing_branches": 0, "percent_branches_covered": 100.0, "percent_branches_covered_display": "100"}, "missing_lines": [], "excluded_lines": [], "start_line": 142, "executed_branches": [], "missing_branches": []}, "": {"executed_lines": [3, 5, 6, 7, 8, 9, 11, 13, 16, 24, 74, 119, 142], "summary": {"covered_lines": 13, "num_statements": 13, "percent_covered": 100.0, "percent_covered_display": "100", "missing_lines": 0, "excluded_lines": 0, "percent_statements_covered": 100.0, "percent_statements_covered_display": "100", "num_branches": 0, "num_partial_branches": 0, "covered_branches": 0, "missing_branches": 0, "percent_branches_covered": 100.0, "percent_branches_covered_display": "100"}, "missing_lines": [], "excluded_lines": [], "start_line": 1, "executed_branches": [], "missing_branches": []}}, "classes": {"": {"executed_lines": [3, 5, 6, 7, 8, 9, 11, 13, 16, 17, 18, 19, 20, 21, 24, 25, 26, 27, 28, 31, 34, 50, 58, 61, 62, 63, 64, 74, 83, 84, 85, 86, 87, 88, 89, 90, 91, 92, 93, 94, 95, 96, 97, 98, 99, 100, 101, 110, 111, 112, 115, 116, 119, 120, 121, 122, 123, 124, 125, 126, 127, 128, 130, 131, 137, 139, 142, 143, 144, 145, 146, 147, 148, 149], "summary": {"covered_lines": 74, "num_statements": 76, "percent_covered": 95.74468085106383, "percent_covered_display": "96", "missing_lines": 2, "excluded_lines": 0, "percent_statements_covered": 97.36842105263158, "percent_statements_covered_display": "97", "num_branches": 18, "num_partial_branches": 2, "covered_branches": 16, "missing_branches": 2, "percent_branches_covered": 88.88888888888889, "percent_branches_covered_display": "89"}, "missing_lines": [129, 138], "excluded_lines": [], "start_line": 1, "executed_branches": [[19, 20], [19, 21], [92, 93], [92, 96], [94, 92], [94, 95], [97, 98], [97, 100], [98, 97], [98, 99], [123, 124], [123, 127], [125, 123], [125, 126], [128, 130], [137, 139]], "missing_branches": [[128, 129], [137, 138]]}}}, "src\\benchmarks.py": {"executed_lines": [3, 5, 7, 10, 11, 12, 14, 15, 27, 30, 31, 32, 33, 34, 35], "summary": {"covered_lines": 15, "num_statements": 16, "percent_covered": 90.0, "percent_covered_display": "90", "missing_lines": 1, "excluded_lines": 0, "percent_statements_covered": 93.75, "percent_statements_covered_display": "94", "num_branches": 4, "num_partial_branches": 1, "covered_branches": 3, "missing_branches": 1, "percent_branches_covered": 75.0, "percent_branches_covered_display": "75"}, "missing_lines": [13], "excluded_lines": [], "executed_branches": [[12, 14], [32, 33], [32, 35]], "missing_branches": [[12, 13]], "functions": {"benchmark_definitions": {"executed_lines": [11, 12, 14, 15], "summary": {"covered_lines": 4, "num_statements": 5, "percent_covered": 71.42857142857143, "percent_covered_display": "71", "missing_lines": 1, "excluded_lines": 0, "percent_statements_covered": 80.0, "percent_statements_covered_display": "80", "num_branches": 2, "num_partial_branches": 1, "covered_branches": 1, "missing_branches": 1, "percent_branches_covered": 50.0, "percent_branches_covered_display": "50"}, "missing_lines": [13], "excluded_lines": [], "start_line": 10, "executed_branches": [[12, 14]], "missing_branches": [[12, 13]]}, "run_benchmarks": {"executed_lines": [30, 31, 32, 33, 34, 35], "summary": {"covered_lines": 6, "num_statements": 6, "percent_covered": 100.0, "percent_covered_display": "100", "missing_lines": 0, "excluded_lines": 0, "percent_statements_covered": 100.0, "percent_statements_covered_display": "100", "num_branches": 2, "num_partial_branches": 0, "covered_branches": 2, "missing_branches": 0, "percent_branches_covered": 100.0, "percent_branches_covered_display": "100"}, "missing_lines": [], "excluded_lines": [], "start_line": 27, "executed_branches": [[32, 33], [32, 35]], "missing_branches": []}, "": {"executed_lines": [3, 5, 7, 10, 27], "summary": {"covered_lines": 5, "num_statements": 5, "percent_covered": 100.0, "percent_covered_display": "100", "missing_lines": 0, "excluded_lines": 0, "percent_statements_covered": 100.0, "percent_statements_covered_display": "100", "num_branches": 0, "num_partial_branches": 0, "covered_branches": 0, "missing_branches": 0, "percent_branches_covered": 100.0, "percent_branches_covered_display": "100"}, "missing_lines": [], "excluded_lines": [], "start_line": 1, "executed_branches": [], "missing_branches": []}}, "classes": {"": {"executed_lines": [3, 5, 7, 10, 11, 12, 14, 15, 27, 30, 31, 32, 33, 34, 35], "summary": {"covered_lines": 15, "num_statements": 16, "percent_covered": 90.0, "percent_covered_display": "90", "missing_lines": 1, "excluded_lines": 0, "percent_statements_covered": 93.75, "percent_statements_covered_display": "94", "num_branches": 4, "num_partial_branches": 1, "covered_branches": 3, "missing_branches": 1, "percent_branches_covered": 75.0, "percent_branches_covered_display": "75"}, "missing_lines": [13], "excluded_lines": [], "start_line": 1, "executed_branches": [[12, 14], [32, 33], [32, 35]], "missing_branches": [[12, 13]]}}}, "src\\config.py": {"executed_lines": [1, 3, 4, 5, 7, 8, 11, 12, 13, 14, 15, 16, 17, 18, 19, 20, 21, 22, 23, 25, 26, 27, 29, 30, 31, 33, 34, 35, 37, 38, 42, 65, 66, 67, 68, 70], "summary": {"covered_lines": 36, "num_statements": 44, "percent_covered": 80.43478260869566, "percent_covered_display": "80", "missing_lines": 8, "excluded_lines": 0, "percent_statements_covered": 81.81818181818181, "percent_statements_covered_display": "82", "num_branches": 2, "num_partial_branches": 1, "covered_branches": 1, "missing_branches": 1, "percent_branches_covered": 50.0, "percent_branches_covered_display": "50"}, "missing_lines": [39, 43, 44, 46, 47, 48, 50, 69], "excluded_lines": [], "executed_branches": [[68, 70]], "missing_branches": [[68, 69]], "functions": {"Settings.raw_dir": {"executed_lines": [27], "summary": {"covered_lines": 1, "num_statements": 1, "percent_covered": 100.0, "percent_covered_display": "100", "missing_lines": 0, "excluded_lines": 0, "percent_statements_covered": 100.0, "percent_statements_covered_display": "100", "num_branches": 0, "num_partial_branches": 0, "covered_branches": 0, "missing_branches": 0, "percent_branches_covered": 100.0, "percent_branches_covered_display": "100"}, "missing_lines": [], "excluded_lines": [], "start_line": 26, "executed_branches": [], "missing_branches": []}, "Settings.processed_dir": {"executed_lines": [31], "summary": {"covered_lines": 1, "num_statements": 1, "percent_covered": 100.0, "percent_covered_display": "100", "missing_lines": 0, "excluded_lines": 0, "percent_statements_covered": 100.0, "percent_statements_covered_display": "100", "num_branches": 0, "num_partial_branches": 0, "covered_branches": 0, "missing_branches": 0, "percent_branches_covered": 100.0, "percent_branches_covered_display": "100"}, "missing_lines": [], "excluded_lines": [], "start_line": 30, "executed_branches": [], "missing_branches": []}, "Settings.reports_dir": {"executed_lines": [35], "summary": {"covered_lines": 1, "num_statements": 1, "percent_covered": 100.0, "percent_covered_display": "100", "missing_lines": 0, "excluded_lines": 0, "percent_statements_covered": 100.0, "percent_statements_covered_display": "100", "num_branches": 0, "num_partial_branches": 0, "covered_branches": 0, "missing_branches": 0, "percent_branches_covered": 100.0, "percent_branches_covered_display": "100"}, "missing_lines": [], "excluded_lines": [], "start_line": 34, "executed_branches": [], "missing_branches": []}, "Settings.logs_dir": {"executed_lines": [], "summary": {"covered_lines": 0, "num_statements": 1, "percent_covered": 0.0, "percent_covered_display": "0", "missing_lines": 1, "excluded_lines": 0, "percent_statements_covered": 0.0, "percent_statements_covered_display": "0", "num_branches": 0, "num_partial_branches": 0, "covered_branches": 0, "missing_branches": 0, "percent_branches_covered": 100.0, "percent_branches_covered_display": "100"}, "missing_lines": [39], "excluded_lines": [], "start_line": 38, "executed_branches": [], "missing_branches": []}, "load_settings": {"executed_lines": [], "summary": {"covered_lines": 0, "num_statements": 4, "percent_covered": 0.0, "percent_covered_display": "0", "missing_lines": 4, "excluded_lines": 0, "percent_statements_covered": 0.0, "percent_statements_covered_display": "0", "num_branches": 0, "num_partial_branches": 0, "covered_branches": 0, "missing_branches": 0, "percent_branches_covered": 100.0, "percent_branches_covered_display": "100"}, "missing_lines": [43, 44, 46, 50], "excluded_lines": [], "start_line": 42, "executed_branches": [], "missing_branches": []}, "load_settings.project_path": {"executed_lines": [], "summary": {"covered_lines": 0, "num_statements": 2, "percent_covered": 0.0, "percent_covered_display": "0", "missing_lines": 2, "excluded_lines": 0, "percent_statements_covered": 0.0, "percent_statements_covered_display": "0", "num_branches": 0, "num_partial_branches": 0, "covered_branches": 0, "missing_branches": 0, "percent_branches_covered": 100.0, "percent_branches_covered_display": "100"}, "missing_lines": [47, 48], "excluded_lines": [], "start_line": 46, "executed_branches": [], "missing_branches": []}, "load_assets": {"executed_lines": [66, 67, 68, 70], "summary": {"covered_lines": 4, "num_statements": 5, "percent_covered": 71.42857142857143, "percent_covered_display": "71", "missing_lines": 1, "excluded_lines": 0, "percent_statements_covered": 80.0, "percent_statements_covered_display": "80", "num_branches": 2, "num_partial_branches": 1, "covered_branches": 1, "missing_branches": 1, "percent_branches_covered": 50.0, "percent_branches_covered_display": "50"}, "missing_lines": [69], "excluded_lines": [], "start_line": 65, "executed_branches": [[68, 70]], "missing_branches": [[68, 69]]}, "": {"executed_lines": [1, 3, 4, 5, 7, 8, 11, 12, 13, 14, 15, 16, 17, 18, 19, 20, 21, 22, 23, 25, 26, 29, 30, 33, 34, 37, 38, 42, 65], "summary": {"covered_lines": 29, "num_statements": 29, "percent_covered": 100.0, "percent_covered_display": "100", "missing_lines": 0, "excluded_lines": 0, "percent_statements_covered": 100.0, "percent_statements_covered_display": "100", "num_branches": 0, "num_partial_branches": 0, "covered_branches": 0, "missing_branches": 0, "percent_branches_covered": 100.0, "percent_branches_covered_display": "100"}, "missing_lines": [], "excluded_lines": [], "start_line": 1, "executed_branches": [], "missing_branches": []}}, "classes": {"Settings": {"executed_lines": [27, 31, 35], "summary": {"covered_lines": 3, "num_statements": 4, "percent_covered": 75.0, "percent_covered_display": "75", "missing_lines": 1, "excluded_lines": 0, "percent_statements_covered": 75.0, "percent_statements_covered_display": "75", "num_branches": 0, "num_partial_branches": 0, "covered_branches": 0, "missing_branches": 0, "percent_branches_covered": 100.0, "percent_branches_covered_display": "100"}, "missing_lines": [39], "excluded_lines": [], "start_line": 12, "executed_branches": [], "missing_branches": []}, "": {"executed_lines": [1, 3, 4, 5, 7, 8, 11, 12, 13, 14, 15, 16, 17, 18, 19, 20, 21, 22, 23, 25, 26, 29, 30, 33, 34, 37, 38, 42, 65, 66, 67, 68, 70], "summary": {"covered_lines": 33, "num_statements": 40, "percent_covered": 80.95238095238095, "percent_covered_display": "81", "missing_lines": 7, "excluded_lines": 0, "percent_statements_covered": 82.5, "percent_statements_covered_display": "82", "num_branches": 2, "num_partial_branches": 1, "covered_branches": 1, "missing_branches": 1, "percent_branches_covered": 50.0, "percent_branches_covered_display": "50"}, "missing_lines": [43, 44, 46, 47, 48, 50, 69], "excluded_lines": [], "start_line": 1, "executed_branches": [[68, 70]], "missing_branches": [[68, 69]]}}}, "src\\costs.py": {"executed_lines": [3, 5, 8, 9, 10, 11, 13, 14, 16, 19, 20, 22, 23, 24, 25, 26, 29, 30], "summary": {"covered_lines": 18, "num_statements": 22, "percent_covered": 75.0, "percent_covered_display": "75", "missing_lines": 4, "excluded_lines": 0, "percent_statements_covered": 81.81818181818181, "percent_statements_covered_display": "82", "num_branches": 10, "num_partial_branches": 4, "covered_branches": 6, "missing_branches": 4, "percent_branches_covered": 60.0, "percent_branches_covered_display": "60"}, "missing_lines": [15, 17, 21, 27], "excluded_lines": [], "executed_branches": [[14, 16], [16, -13], [20, 22], [23, 24], [23, 25], [25, 26]], "missing_branches": [[14, 15], [16, 17], [20, 21], [25, 27]], "functions": {"ExecutionCostModel.__post_init__": {"executed_lines": [14, 16], "summary": {"covered_lines": 2, "num_statements": 4, "percent_covered": 50.0, "percent_covered_display": "50", "missing_lines": 2, "excluded_lines": 0, "percent_statements_covered": 50.0, "percent_statements_covered_display": "50", "num_branches": 4, "num_partial_branches": 2, "covered_branches": 2, "missing_branches": 2, "percent_branches_covered": 50.0, "percent_branches_covered_display": "50"}, "missing_lines": [15, 17], "excluded_lines": [], "start_line": 13, "executed_branches": [[14, 16], [16, -13]], "missing_branches": [[14, 15], [16, 17]]}, "ExecutionCostModel.execution_price": {"executed_lines": [20, 22, 23, 24, 25, 26], "summary": {"covered_lines": 6, "num_statements": 8, "percent_covered": 71.42857142857143, "percent_covered_display": "71", "missing_lines": 2, "excluded_lines": 0, "percent_statements_covered": 75.0, "percent_statements_covered_display": "75", "num_branches": 6, "num_partial_branches": 2, "covered_branches": 4, "missing_branches": 2, "percent_branches_covered": 66.66666666666667, "percent_branches_covered_display": "67"}, "missing_lines": [21, 27], "excluded_lines": [], "start_line": 19, "executed_branches": [[20, 22], [23, 24], [23, 25], [25, 26]], "missing_branches": [[20, 21], [25, 27]]}, "ExecutionCostModel.fee": {"executed_lines": [30], "summary": {"covered_lines": 1, "num_statements": 1, "percent_covered": 100.0, "percent_covered_display": "100", "missing_lines": 0, "excluded_lines": 0, "percent_statements_covered": 100.0, "percent_statements_covered_display": "100", "num_branches": 0, "num_partial_branches": 0, "covered_branches": 0, "missing_branches": 0, "percent_branches_covered": 100.0, "percent_branches_covered_display": "100"}, "missing_lines": [], "excluded_lines": [], "start_line": 29, "executed_branches": [], "missing_branches": []}, "": {"executed_lines": [3, 5, 8, 9, 10, 11, 13, 19, 29], "summary": {"covered_lines": 9, "num_statements": 9, "percent_covered": 100.0, "percent_covered_display": "100", "missing_lines": 0, "excluded_lines": 0, "percent_statements_covered": 100.0, "percent_statements_covered_display": "100", "num_branches": 0, "num_partial_branches": 0, "covered_branches": 0, "missing_branches": 0, "percent_branches_covered": 100.0, "percent_branches_covered_display": "100"}, "missing_lines": [], "excluded_lines": [], "start_line": 1, "executed_branches": [], "missing_branches": []}}, "classes": {"ExecutionCostModel": {"executed_lines": [14, 16, 20, 22, 23, 24, 25, 26, 30], "summary": {"covered_lines": 9, "num_statements": 13, "percent_covered": 65.21739130434783, "percent_covered_display": "65", "missing_lines": 4, "excluded_lines": 0, "percent_statements_covered": 69.23076923076923, "percent_statements_covered_display": "69", "num_branches": 10, "num_partial_branches": 4, "covered_branches": 6, "missing_branches": 4, "percent_branches_covered": 60.0, "percent_branches_covered_display": "60"}, "missing_lines": [15, 17, 21, 27], "excluded_lines": [], "start_line": 9, "executed_branches": [[14, 16], [16, -13], [20, 22], [23, 24], [23, 25], [25, 26]], "missing_branches": [[14, 15], [16, 17], [20, 21], [25, 27]]}, "": {"executed_lines": [3, 5, 8, 9, 10, 11, 13, 19, 29], "summary": {"covered_lines": 9, "num_statements": 9, "percent_covered": 100.0, "percent_covered_display": "100", "missing_lines": 0, "excluded_lines": 0, "percent_statements_covered": 100.0, "percent_statements_covered_display": "100", "num_branches": 0, "num_partial_branches": 0, "covered_branches": 0, "missing_branches": 0, "percent_branches_covered": 100.0, "percent_branches_covered_display": "100"}, "missing_lines": [], "excluded_lines": [], "start_line": 1, "executed_branches": [], "missing_branches": []}}}, "src\\currency_reporting.py": {"executed_lines": [3, 5, 8, 9, 10, 11, 13, 14, 16, 18, 21, 28, 29, 30, 31, 32, 42, 52], "summary": {"covered_lines": 18, "num_statements": 21, "percent_covered": 80.64516129032258, "percent_covered_display": "81", "missing_lines": 3, "excluded_lines": 0, "percent_statements_covered": 85.71428571428571, "percent_statements_covered_display": "86", "num_branches": 10, "num_partial_branches": 3, "covered_branches": 7, "missing_branches": 3, "percent_branches_covered": 70.0, "percent_branches_covered_display": "70"}, "missing_lines": [12, 15, 17], "excluded_lines": [], "executed_branches": [[9, 10], [9, 11], [11, 13], [14, 16], [16, 18], [30, 31], [30, 32]], "missing_branches": [[11, 12], [14, 15], [16, 17]], "functions": {"_validate_utc_series": {"executed_lines": [9, 10, 11, 13, 14, 16, 18], "summary": {"covered_lines": 7, "num_statements": 10, "percent_covered": 66.66666666666667, "percent_covered_display": "67", "missing_lines": 3, "excluded_lines": 0, "percent_statements_covered": 70.0, "percent_statements_covered_display": "70", "num_branches": 8, "num_partial_branches": 3, "covered_branches": 5, "missing_branches": 3, "percent_branches_covered": 62.5, "percent_branches_covered_display": "62"}, "missing_lines": [12, 15, 17], "excluded_lines": [], "start_line": 8, "executed_branches": [[9, 10], [9, 11], [11, 13], [14, 16], [16, 18]], "missing_branches": [[11, 12], [14, 15], [16, 17]]}, "convert_usdt_equity_to_eur": {"executed_lines": [28, 29, 30, 31, 32, 42, 52], "summary": {"covered_lines": 7, "num_statements": 7, "percent_covered": 100.0, "percent_covered_display": "100", "missing_lines": 0, "excluded_lines": 0, "percent_statements_covered": 100.0, "percent_statements_covered_display": "100", "num_branches": 2, "num_partial_branches": 0, "covered_branches": 2, "missing_branches": 0, "percent_branches_covered": 100.0, "percent_branches_covered_display": "100"}, "missing_lines": [], "excluded_lines": [], "start_line": 21, "executed_branches": [[30, 31], [30, 32]], "missing_branches": []}, "": {"executed_lines": [3, 5, 8, 21], "summary": {"covered_lines": 4, "num_statements": 4, "percent_covered": 100.0, "percent_covered_display": "100", "missing_lines": 0, "excluded_lines": 0, "percent_statements_covered": 100.0, "percent_statements_covered_display": "100", "num_branches": 0, "num_partial_branches": 0, "covered_branches": 0, "missing_branches": 0, "percent_branches_covered": 100.0, "percent_branches_covered_display": "100"}, "missing_lines": [], "excluded_lines": [], "start_line": 1, "executed_branches": [], "missing_branches": []}}, "classes": {"": {"executed_lines": [3, 5, 8, 9, 10, 11, 13, 14, 16, 18, 21, 28, 29, 30, 31, 32, 42, 52], "summary": {"covered_lines": 18, "num_statements": 21, "percent_covered": 80.64516129032258, "percent_covered_display": "81", "missing_lines": 3, "excluded_lines": 0, "percent_statements_covered": 85.71428571428571, "percent_statements_covered_display": "86", "num_branches": 10, "num_partial_branches": 3, "covered_branches": 7, "missing_branches": 3, "percent_branches_covered": 70.0, "percent_branches_covered_display": "70"}, "missing_lines": [12, 15, 17], "excluded_lines": [], "start_line": 1, "executed_branches": [[9, 10], [9, 11], [11, 13], [14, 16], [16, 18], [30, 31], [30, 32]], "missing_branches": [[11, 12], [14, 15], [16, 17]]}}}, "src\\data_integrity.py": {"executed_lines": [3, 5, 6, 7, 8, 9, 10, 12, 14, 17, 18, 19, 20, 21, 22, 25, 26, 27, 29, 30, 31, 33, 34, 38, 39, 40, 41, 42, 43, 54, 55, 56, 57, 58, 59, 60, 63, 67, 71, 74, 75, 76, 78, 79, 80, 82, 89, 95, 96, 99, 100, 101, 102, 103, 104, 105, 106], "summary": {"covered_lines": 57, "num_statements": 66, "percent_covered": 82.6086956521739, "percent_covered_display": "83", "missing_lines": 9, "excluded_lines": 0, "percent_statements_covered": 86.36363636363636, "percent_statements_covered_display": "86", "num_branches": 26, "num_partial_branches": 7, "covered_branches": 19, "missing_branches": 7, "percent_branches_covered": 73.07692307692308, "percent_branches_covered_display": "73"}, "missing_lines": [28, 32, 37, 61, 62, 66, 68, 77, 81], "excluded_lines": [], "executed_branches": [[20, 21], [20, 22], [27, 29], [31, 33], [34, 38], [39, 40], [39, 41], [56, 57], [56, 58], [58, 59], [63, 67], [76, 78], [79, 80], [79, 89], [80, 82], [101, 102], [101, 106], [103, 104], [103, 105]], "missing_branches": [[27, 28], [31, 32], [34, 37], [58, 68], [63, 66], [76, 77], [80, 81]], "functions": {"file_sha256": {"executed_lines": [18, 19, 20, 21, 22], "summary": {"covered_lines": 5, "num_statements": 5, "percent_covered": 100.0, "percent_covered_display": "100", "missing_lines": 0, "excluded_lines": 0, "percent_statements_covered": 100.0, "percent_statements_covered_display": "100", "num_branches": 2, "num_partial_branches": 0, "covered_branches": 2, "missing_branches": 0, "percent_branches_covered": 100.0, "percent_branches_covered_display": "100"}, "missing_lines": [], "excluded_lines": [], "start_line": 17, "executed_branches": [[20, 21], [20, 22]], "missing_branches": []}, "_validate_frame": {"executed_lines": [26, 27, 29, 30, 31, 33, 34, 38, 39, 40, 41, 42, 43], "summary": {"covered_lines": 13, "num_statements": 16, "percent_covered": 75.0, "percent_covered_display": "75", "missing_lines": 3, "excluded_lines": 0, "percent_statements_covered": 81.25, "percent_statements_covered_display": "81", "num_branches": 8, "num_partial_branches": 3, "covered_branches": 5, "missing_branches": 3, "percent_branches_covered": 62.5, "percent_branches_covered_display": "62"}, "missing_lines": [28, 32, 37], "excluded_lines": [], "start_line": 25, "executed_branches": [[27, 29], [31, 33], [34, 38], [39, 40], [39, 41]], "missing_branches": [[27, 28], [31, 32], [34, 37]]}, "_semantic_check": {"executed_lines": [55, 56, 57, 58, 59, 60, 63, 67], "summary": {"covered_lines": 8, "num_statements": 12, "percent_covered": 66.66666666666667, "percent_covered_display": "67", "missing_lines": 4, "excluded_lines": 0, "percent_statements_covered": 66.66666666666667, "percent_statements_covered_display": "67", "num_branches": 6, "num_partial_branches": 2, "covered_branches": 4, "missing_branches": 2, "percent_branches_covered": 66.66666666666667, "percent_branches_covered_display": "67"}, "missing_lines": [61, 62, 66, 68], "excluded_lines": [], "start_line": 54, "executed_branches": [[56, 57], [56, 58], [58, 59], [63, 67]], "missing_branches": [[58, 68], [63, 66]]}, "build_data_integrity_manifest": {"executed_lines": [74, 75, 76, 78, 79, 80, 82, 89, 95, 96], "summary": {"covered_lines": 10, "num_statements": 12, "percent_covered": 77.77777777777777, "percent_covered_display": "78", "missing_lines": 2, "excluded_lines": 0, "percent_statements_covered": 83.33333333333333, "percent_statements_covered_display": "83", "num_branches": 6, "num_partial_branches": 2, "covered_branches": 4, "missing_branches": 2, "percent_branches_covered": 66.66666666666667, "percent_branches_covered_display": "67"}, "missing_lines": [77, 81], "excluded_lines": [], "start_line": 71, "executed_branches": [[76, 78], [79, 80], [79, 89], [80, 82]], "missing_branches": [[76, 77], [80, 81]]}, "verify_data_integrity_manifest": {"executed_lines": [100, 101, 102, 103, 104, 105, 106], "summary": {"covered_lines": 7, "num_statements": 7, "percent_covered": 100.0, "percent_covered_display": "100", "missing_lines": 0, "excluded_lines": 0, "percent_statements_covered": 100.0, "percent_statements_covered_display": "100", "num_branches": 4, "num_partial_branches": 0, "covered_branches": 4, "missing_branches": 0, "percent_branches_covered": 100.0, "percent_branches_covered_display": "100"}, "missing_lines": [], "excluded_lines": [], "start_line": 99, "executed_branches": [[101, 102], [101, 106], [103, 104], [103, 105]], "missing_branches": []}, "": {"executed_lines": [3, 5, 6, 7, 8, 9, 10, 12, 14, 17, 25, 54, 71, 99], "summary": {"covered_lines": 14, "num_statements": 14, "percent_covered": 100.0, "percent_covered_display": "100", "missing_lines": 0, "excluded_lines": 0, "percent_statements_covered": 100.0, "percent_statements_covered_display": "100", "num_branches": 0, "num_partial_branches": 0, "covered_branches": 0, "missing_branches": 0, "percent_branches_covered": 100.0, "percent_branches_covered_display": "100"}, "missing_lines": [], "excluded_lines": [], "start_line": 1, "executed_branches": [], "missing_branches": []}}, "classes": {"": {"executed_lines": [3, 5, 6, 7, 8, 9, 10, 12, 14, 17, 18, 19, 20, 21, 22, 25, 26, 27, 29, 30, 31, 33, 34, 38, 39, 40, 41, 42, 43, 54, 55, 56, 57, 58, 59, 60, 63, 67, 71, 74, 75, 76, 78, 79, 80, 82, 89, 95, 96, 99, 100, 101, 102, 103, 104, 105, 106], "summary": {"covered_lines": 57, "num_statements": 66, "percent_covered": 82.6086956521739, "percent_covered_display": "83", "missing_lines": 9, "excluded_lines": 0, "percent_statements_covered": 86.36363636363636, "percent_statements_covered_display": "86", "num_branches": 26, "num_partial_branches": 7, "covered_branches": 19, "missing_branches": 7, "percent_branches_covered": 73.07692307692308, "percent_branches_covered_display": "73"}, "missing_lines": [28, 32, 37, 61, 62, 66, 68, 77, 81], "excluded_lines": [], "start_line": 1, "executed_branches": [[20, 21], [20, 22], [27, 29], [31, 33], [34, 38], [39, 40], [39, 41], [56, 57], [56, 58], [58, 59], [63, 67], [76, 78], [79, 80], [79, 89], [80, 82], [101, 102], [101, 106], [103, 104], [103, 105]], "missing_branches": [[27, 28], [31, 32], [34, 37], [58, 68], [63, 66], [76, 77], [80, 81]]}}}, "src\\database.py": {"executed_lines": [1, 3, 4, 5, 6, 8, 11, 12, 13, 14, 41, 42, 43, 49, 50, 51, 57, 71, 72], "summary": {"covered_lines": 19, "num_statements": 19, "percent_covered": 100.0, "percent_covered_display": "100", "missing_lines": 0, "excluded_lines": 0, "percent_statements_covered": 100.0, "percent_statements_covered_display": "100", "num_branches": 0, "num_partial_branches": 0, "covered_branches": 0, "missing_branches": 0, "percent_branches_covered": 100.0, "percent_branches_covered_display": "100"}, "missing_lines": [], "excluded_lines": [], "executed_branches": [], "missing_branches": [], "functions": {"initialize_database": {"executed_lines": [12, 13, 14], "summary": {"covered_lines": 3, "num_statements": 3, "percent_covered": 100.0, "percent_covered_display": "100", "missing_lines": 0, "excluded_lines": 0, "percent_statements_covered": 100.0, "percent_statements_covered_display": "100", "num_branches": 0, "num_partial_branches": 0, "covered_branches": 0, "missing_branches": 0, "percent_branches_covered": 100.0, "percent_branches_covered_display": "100"}, "missing_lines": [], "excluded_lines": [], "start_line": 11, "executed_branches": [], "missing_branches": []}, "start_run": {"executed_lines": [42, 43], "summary": {"covered_lines": 2, "num_statements": 2, "percent_covered": 100.0, "percent_covered_display": "100", "missing_lines": 0, "excluded_lines": 0, "percent_statements_covered": 100.0, "percent_statements_covered_display": "100", "num_branches": 0, "num_partial_branches": 0, "covered_branches": 0, "missing_branches": 0, "percent_branches_covered": 100.0, "percent_branches_covered_display": "100"}, "missing_lines": [], "excluded_lines": [], "start_line": 41, "executed_branches": [], "missing_branches": []}, "finish_run": {"executed_lines": [50, 51], "summary": {"covered_lines": 2, "num_statements": 2, "percent_covered": 100.0, "percent_covered_display": "100", "missing_lines": 0, "excluded_lines": 0, "percent_statements_covered": 100.0, "percent_statements_covered_display": "100", "num_branches": 0, "num_partial_branches": 0, "covered_branches": 0, "missing_branches": 0, "percent_branches_covered": 100.0, "percent_branches_covered_display": "100"}, "missing_lines": [], "excluded_lines": [], "start_line": 49, "executed_branches": [], "missing_branches": []}, "record_dataset_metadata": {"executed_lines": [71, 72], "summary": {"covered_lines": 2, "num_statements": 2, "percent_covered": 100.0, "percent_covered_display": "100", "missing_lines": 0, "excluded_lines": 0, "percent_statements_covered": 100.0, "percent_statements_covered_display": "100", "num_branches": 0, "num_partial_branches": 0, "covered_branches": 0, "missing_branches": 0, "percent_branches_covered": 100.0, "percent_branches_covered_display": "100"}, "missing_lines": [], "excluded_lines": [], "start_line": 57, "executed_branches": [], "missing_branches": []}, "": {"executed_lines": [1, 3, 4, 5, 6, 8, 11, 41, 49, 57], "summary": {"covered_lines": 10, "num_statements": 10, "percent_covered": 100.0, "percent_covered_display": "100", "missing_lines": 0, "excluded_lines": 0, "percent_statements_covered": 100.0, "percent_statements_covered_display": "100", "num_branches": 0, "num_partial_branches": 0, "covered_branches": 0, "missing_branches": 0, "percent_branches_covered": 100.0, "percent_branches_covered_display": "100"}, "missing_lines": [], "excluded_lines": [], "start_line": 1, "executed_branches": [], "missing_branches": []}}, "classes": {"": {"executed_lines": [1, 3, 4, 5, 6, 8, 11, 12, 13, 14, 41, 42, 43, 49, 50, 51, 57, 71, 72], "summary": {"covered_lines": 19, "num_statements": 19, "percent_covered": 100.0, "percent_covered_display": "100", "missing_lines": 0, "excluded_lines": 0, "percent_statements_covered": 100.0, "percent_statements_covered_display": "100", "num_branches": 0, "num_partial_branches": 0, "covered_branches": 0, "missing_branches": 0, "percent_branches_covered": 100.0, "percent_branches_covered_display": "100"}, "missing_lines": [], "excluded_lines": [], "start_line": 1, "executed_branches": [], "missing_branches": []}}}, "src\\download_data.py": {"executed_lines": [1, 3, 4, 5, 6, 7, 9, 11, 12, 13, 22, 29, 30, 31, 32, 33, 36, 37, 44, 48, 63], "summary": {"covered_lines": 21, "num_statements": 56, "percent_covered": 32.857142857142854, "percent_covered_display": "33", "missing_lines": 35, "excluded_lines": 0, "percent_statements_covered": 37.5, "percent_statements_covered_display": "38", "num_branches": 14, "num_partial_branches": 2, "covered_branches": 2, "missing_branches": 12, "percent_branches_covered": 14.285714285714286, "percent_branches_covered_display": "14"}, "missing_lines": [34, 35, 45, 49, 50, 51, 52, 53, 60, 73, 74, 75, 76, 77, 78, 79, 80, 81, 83, 84, 85, 90, 91, 92, 93, 94, 95, 96, 97, 98, 99, 100, 101, 102, 103], "excluded_lines": [], "executed_branches": [[29, 30], [33, 36]], "missing_branches": [[29, 45], [33, 34], [74, 75], [74, 76], [84, 85], [84, 102], [90, 91], [90, 92], [96, 97], [96, 98], [100, 84], [100, 101]], "functions": {"call_with_retry": {"executed_lines": [29, 30, 31, 32, 33, 36, 37, 44], "summary": {"covered_lines": 8, "num_statements": 11, "percent_covered": 66.66666666666667, "percent_covered_display": "67", "missing_lines": 3, "excluded_lines": 0, "percent_statements_covered": 72.72727272727273, "percent_statements_covered_display": "73", "num_branches": 4, "num_partial_branches": 2, "covered_branches": 2, "missing_branches": 2, "percent_branches_covered": 50.0, "percent_branches_covered_display": "50"}, "missing_lines": [34, 35, 45], "excluded_lines": [], "start_line": 22, "executed_branches": [[29, 30], [33, 36]], "missing_branches": [[29, 45], [33, 34]]}, "create_exchange": {"executed_lines": [], "summary": {"covered_lines": 0, "num_statements": 6, "percent_covered": 0.0, "percent_covered_display": "0", "missing_lines": 6, "excluded_lines": 0, "percent_statements_covered": 0.0, "percent_statements_covered_display": "0", "num_branches": 0, "num_partial_branches": 0, "covered_branches": 0, "missing_branches": 0, "percent_branches_covered": 100.0, "percent_branches_covered_display": "100"}, "missing_lines": [49, 50, 51, 52, 53, 60], "excluded_lines": [], "start_line": 48, "executed_branches": [], "missing_branches": []}, "download_daily_ohlcv": {"executed_lines": [], "summary": {"covered_lines": 0, "num_statements": 26, "percent_covered": 0.0, "percent_covered_display": "0", "missing_lines": 26, "excluded_lines": 0, "percent_statements_covered": 0.0, "percent_statements_covered_display": "0", "num_branches": 10, "num_partial_branches": 0, "covered_branches": 0, "missing_branches": 10, "percent_branches_covered": 0.0, "percent_branches_covered_display": "0"}, "missing_lines": [73, 74, 75, 76, 77, 78, 79, 80, 81, 83, 84, 85, 90, 91, 92, 93, 94, 95, 96, 97, 98, 99, 100, 101, 102, 103], "excluded_lines": [], "start_line": 63, "executed_branches": [], "missing_branches": [[74, 75], [74, 76], [84, 85], [84, 102], [90, 91], [90, 92], [96, 97], [96, 98], [100, 84], [100, 101]]}, "": {"executed_lines": [1, 3, 4, 5, 6, 7, 9, 11, 12, 13, 22, 48, 63], "summary": {"covered_lines": 13, "num_statements": 13, "percent_covered": 100.0, "percent_covered_display": "100", "missing_lines": 0, "excluded_lines": 0, "percent_statements_covered": 100.0, "percent_statements_covered_display": "100", "num_branches": 0, "num_partial_branches": 0, "covered_branches": 0, "missing_branches": 0, "percent_branches_covered": 100.0, "percent_branches_covered_display": "100"}, "missing_lines": [], "excluded_lines": [], "start_line": 1, "executed_branches": [], "missing_branches": []}}, "classes": {"": {"executed_lines": [1, 3, 4, 5, 6, 7, 9, 11, 12, 13, 22, 29, 30, 31, 32, 33, 36, 37, 44, 48, 63], "summary": {"covered_lines": 21, "num_statements": 56, "percent_covered": 32.857142857142854, "percent_covered_display": "33", "missing_lines": 35, "excluded_lines": 0, "percent_statements_covered": 37.5, "percent_statements_covered_display": "38", "num_branches": 14, "num_partial_branches": 2, "covered_branches": 2, "missing_branches": 12, "percent_branches_covered": 14.285714285714286, "percent_branches_covered_display": "14"}, "missing_lines": [34, 35, 45, 49, 50, 51, 52, 53, 60, 73, 74, 75, 76, 77, 78, 79, 80, 81, 83, 84, 85, 90, 91, 92, 93, 94, 95, 96, 97, 98, 99, 100, 101, 102, 103], "excluded_lines": [], "start_line": 1, "executed_branches": [[29, 30], [33, 36]], "missing_branches": [[29, 45], [33, 34], [74, 75], [74, 76], [84, 85], [84, 102], [90, 91], [90, 92], [96, 97], [96, 98], [100, 84], [100, 101]]}}}, "src\\execution_protocol.py": {"executed_lines": [3, 5, 7, 8, 11, 17, 18, 19, 20, 21, 22], "summary": {"covered_lines": 11, "num_statements": 11, "percent_covered": 100.0, "percent_covered_display": "100", "missing_lines": 0, "excluded_lines": 0, "percent_statements_covered": 100.0, "percent_statements_covered_display": "100", "num_branches": 0, "num_partial_branches": 0, "covered_branches": 0, "missing_branches": 0, "percent_branches_covered": 100.0, "percent_branches_covered_display": "100"}, "missing_lines": [], "excluded_lines": [], "executed_branches": [], "missing_branches": [], "functions": {"describe_execution_timing": {"executed_lines": [17, 18, 19, 20, 21, 22], "summary": {"covered_lines": 6, "num_statements": 6, "percent_covered": 100.0, "percent_covered_display": "100", "missing_lines": 0, "excluded_lines": 0, "percent_statements_covered": 100.0, "percent_statements_covered_display": "100", "num_branches": 0, "num_partial_branches": 0, "covered_branches": 0, "missing_branches": 0, "percent_branches_covered": 100.0, "percent_branches_covered_display": "100"}, "missing_lines": [], "excluded_lines": [], "start_line": 11, "executed_branches": [], "missing_branches": []}, "": {"executed_lines": [3, 5, 7, 8, 11], "summary": {"covered_lines": 5, "num_statements": 5, "percent_covered": 100.0, "percent_covered_display": "100", "missing_lines": 0, "excluded_lines": 0, "percent_statements_covered": 100.0, "percent_statements_covered_display": "100", "num_branches": 0, "num_partial_branches": 0, "covered_branches": 0, "missing_branches": 0, "percent_branches_covered": 100.0, "percent_branches_covered_display": "100"}, "missing_lines": [], "excluded_lines": [], "start_line": 1, "executed_branches": [], "missing_branches": []}}, "classes": {"": {"executed_lines": [3, 5, 7, 8, 11, 17, 18, 19, 20, 21, 22], "summary": {"covered_lines": 11, "num_statements": 11, "percent_covered": 100.0, "percent_covered_display": "100", "missing_lines": 0, "excluded_lines": 0, "percent_statements_covered": 100.0, "percent_statements_covered_display": "100", "num_branches": 0, "num_partial_branches": 0, "covered_branches": 0, "missing_branches": 0, "percent_branches_covered": 100.0, "percent_branches_covered_display": "100"}, "missing_lines": [], "excluded_lines": [], "start_line": 1, "executed_branches": [], "missing_branches": []}}}, "src\\experiment_ledger.py": {"executed_lines": [3, 5, 6, 7, 8, 9, 10, 13, 14, 15, 16, 17, 18, 19, 20, 27, 28, 29, 31, 32, 34, 40, 41, 42, 43, 49, 50, 51, 52, 53, 54, 55, 56, 57, 59, 60, 61, 62, 63, 64, 65, 67, 69, 71, 72, 73, 75, 76, 79, 80, 83, 84, 86, 87, 88], "summary": {"covered_lines": 55, "num_statements": 69, "percent_covered": 74.71264367816092, "percent_covered_display": "75", "missing_lines": 14, "excluded_lines": 0, "percent_statements_covered": 79.71014492753623, "percent_statements_covered_display": "80", "num_branches": 18, "num_partial_branches": 6, "covered_branches": 10, "missing_branches": 8, "percent_branches_covered": 55.55555555555556, "percent_branches_covered_display": "56"}, "missing_lines": [21, 22, 23, 24, 25, 33, 66, 68, 70, 77, 81, 85, 89, 90], "excluded_lines": [], "executed_branches": [[20, -14], [32, 34], [41, 42], [41, 43], [62, 63], [62, 73], [65, 67], [67, 69], [69, 71], [84, 86]], "missing_branches": [[20, 21], [22, 23], [22, 24], [32, 33], [65, 66], [67, 68], [69, 70], [84, 85]], "functions": {"ExperimentLedger.__init__": {"executed_lines": [15, 16, 17, 18, 19, 20], "summary": {"covered_lines": 6, "num_statements": 11, "percent_covered": 46.666666666666664, "percent_covered_display": "47", "missing_lines": 5, "excluded_lines": 0, "percent_statements_covered": 54.54545454545455, "percent_statements_covered_display": "55", "num_branches": 4, "num_partial_branches": 1, "covered_branches": 1, "missing_branches": 3, "percent_branches_covered": 25.0, "percent_branches_covered_display": "25"}, "missing_lines": [21, 22, 23, 24, 25], "excluded_lines": [], "start_line": 14, "executed_branches": [[20, -14]], "missing_branches": [[20, 21], [22, 23], [22, 24]]}, "ExperimentLedger._canonical": {"executed_lines": [29], "summary": {"covered_lines": 1, "num_statements": 1, "percent_covered": 100.0, "percent_covered_display": "100", "missing_lines": 0, "excluded_lines": 0, "percent_statements_covered": 100.0, "percent_statements_covered_display": "100", "num_branches": 0, "num_partial_branches": 0, "covered_branches": 0, "missing_branches": 0, "percent_branches_covered": 100.0, "percent_branches_covered_display": "100"}, "missing_lines": [], "excluded_lines": [], "start_line": 28, "executed_branches": [], "missing_branches": []}, "ExperimentLedger._read_records": {"executed_lines": [32, 34], "summary": {"covered_lines": 2, "num_statements": 3, "percent_covered": 60.0, "percent_covered_display": "60", "missing_lines": 1, "excluded_lines": 0, "percent_statements_covered": 66.66666666666667, "percent_statements_covered_display": "67", "num_branches": 2, "num_partial_branches": 1, "covered_branches": 1, "missing_branches": 1, "percent_branches_covered": 50.0, "percent_branches_covered_display": "50"}, "missing_lines": [33], "excluded_lines": [], "start_line": 31, "executed_branches": [[32, 34]], "missing_branches": [[32, 33]]}, "ExperimentLedger.append": {"executed_lines": [41, 42, 43, 49, 50, 51, 52, 53, 54, 55, 56, 57], "summary": {"covered_lines": 12, "num_statements": 12, "percent_covered": 100.0, "percent_covered_display": "100", "missing_lines": 0, "excluded_lines": 0, "percent_statements_covered": 100.0, "percent_statements_covered_display": "100", "num_branches": 2, "num_partial_branches": 0, "covered_branches": 2, "missing_branches": 0, "percent_branches_covered": 100.0, "percent_branches_covered_display": "100"}, "missing_lines": [], "excluded_lines": [], "start_line": 40, "executed_branches": [[41, 42], [41, 43]], "missing_branches": []}, "ExperimentLedger.verify": {"executed_lines": [60, 61, 62, 63, 64, 65, 67, 69, 71, 72, 73], "summary": {"covered_lines": 11, "num_statements": 14, "percent_covered": 72.72727272727273, "percent_covered_display": "73", "missing_lines": 3, "excluded_lines": 0, "percent_statements_covered": 78.57142857142857, "percent_statements_covered_display": "79", "num_branches": 8, "num_partial_branches": 3, "covered_branches": 5, "missing_branches": 3, "percent_branches_covered": 62.5, "percent_branches_covered_display": "62"}, "missing_lines": [66, 68, 70], "excluded_lines": [], "start_line": 59, "executed_branches": [[62, 63], [62, 73], [65, 67], [67, 69], [69, 71]], "missing_branches": [[65, 66], [67, 68], [69, 70]]}, "ExperimentLedger.record_count": {"executed_lines": [], "summary": {"covered_lines": 0, "num_statements": 1, "percent_covered": 0.0, "percent_covered_display": "0", "missing_lines": 1, "excluded_lines": 0, "percent_statements_covered": 0.0, "percent_statements_covered_display": "0", "num_branches": 0, "num_partial_branches": 0, "covered_branches": 0, "missing_branches": 0, "percent_branches_covered": 100.0, "percent_branches_covered_display": "100"}, "missing_lines": [77], "excluded_lines": [], "start_line": 76, "executed_branches": [], "missing_branches": []}, "ExperimentLedger.final_hash": {"executed_lines": [], "summary": {"covered_lines": 0, "num_statements": 1, "percent_covered": 0.0, "percent_covered_display": "0", "missing_lines": 1, "excluded_lines": 0, "percent_statements_covered": 0.0, "percent_statements_covered_display": "0", "num_branches": 0, "num_partial_branches": 0, "covered_branches": 0, "missing_branches": 0, "percent_branches_covered": 100.0, "percent_branches_covered_display": "100"}, "missing_lines": [81], "excluded_lines": [], "start_line": 80, "executed_branches": [], "missing_branches": []}, "ExperimentLedger.finalize": {"executed_lines": [84, 86, 87, 88], "summary": {"covered_lines": 4, "num_statements": 7, "percent_covered": 55.55555555555556, "percent_covered_display": "56", "missing_lines": 3, "excluded_lines": 0, "percent_statements_covered": 57.142857142857146, "percent_statements_covered_display": "57", "num_branches": 2, "num_partial_branches": 1, "covered_branches": 1, "missing_branches": 1, "percent_branches_covered": 50.0, "percent_branches_covered_display": "50"}, "missing_lines": [85, 89, 90], "excluded_lines": [], "start_line": 83, "executed_branches": [[84, 86]], "missing_branches": [[84, 85]]}, "": {"executed_lines": [3, 5, 6, 7, 8, 9, 10, 13, 14, 27, 28, 31, 40, 59, 75, 76, 79, 80, 83], "summary": {"covered_lines": 19, "num_statements": 19, "percent_covered": 100.0, "percent_covered_display": "100", "missing_lines": 0, "excluded_lines": 0, "percent_statements_covered": 100.0, "percent_statements_covered_display": "100", "num_branches": 0, "num_partial_branches": 0, "covered_branches": 0, "missing_branches": 0, "percent_branches_covered": 100.0, "percent_branches_covered_display": "100"}, "missing_lines": [], "excluded_lines": [], "start_line": 1, "executed_branches": [], "missing_branches": []}}, "classes": {"ExperimentLedger": {"executed_lines": [15, 16, 17, 18, 19, 20, 29, 32, 34, 41, 42, 43, 49, 50, 51, 52, 53, 54, 55, 56, 57, 60, 61, 62, 63, 64, 65, 67, 69, 71, 72, 73, 84, 86, 87, 88], "summary": {"covered_lines": 36, "num_statements": 50, "percent_covered": 67.6470588235294, "percent_covered_display": "68", "missing_lines": 14, "excluded_lines": 0, "percent_statements_covered": 72.0, "percent_statements_covered_display": "72", "num_branches": 18, "num_partial_branches": 6, "covered_branches": 10, "missing_branches": 8, "percent_branches_covered": 55.55555555555556, "percent_branches_covered_display": "56"}, "missing_lines": [21, 22, 23, 24, 25, 33, 66, 68, 70, 77, 81, 85, 89, 90], "excluded_lines": [], "start_line": 13, "executed_branches": [[20, -14], [32, 34], [41, 42], [41, 43], [62, 63], [62, 73], [65, 67], [67, 69], [69, 71], [84, 86]], "missing_branches": [[20, 21], [22, 23], [22, 24], [32, 33], [65, 66], [67, 68], [69, 70], [84, 85]]}, "": {"executed_lines": [3, 5, 6, 7, 8, 9, 10, 13, 14, 27, 28, 31, 40, 59, 75, 76, 79, 80, 83], "summary": {"covered_lines": 19, "num_statements": 19, "percent_covered": 100.0, "percent_covered_display": "100", "missing_lines": 0, "excluded_lines": 0, "percent_statements_covered": 100.0, "percent_statements_covered_display": "100", "num_branches": 0, "num_partial_branches": 0, "covered_branches": 0, "missing_branches": 0, "percent_branches_covered": 100.0, "percent_branches_covered_display": "100"}, "missing_lines": [], "excluded_lines": [], "start_line": 1, "executed_branches": [], "missing_branches": []}}}, "src\\experiment_manager.py": {"executed_lines": [3, 5, 6, 7, 8, 10, 11, 13, 23, 24, 25, 26, 27, 28, 29, 30, 32, 33, 34, 40, 41, 44, 45, 46, 47, 50, 51, 52, 53, 54, 55, 58, 59, 67, 68, 70, 71, 73, 74, 76, 77, 79, 82, 83, 84, 87, 95, 97, 99, 101, 103, 104, 109, 111, 112, 114, 115, 116, 117, 119, 121, 122, 123, 124, 125, 127, 128, 129, 130, 131, 132, 133, 134, 139, 141, 142, 145, 146, 147, 148, 156, 157, 160, 166, 167, 168, 173, 174, 175, 176, 177, 184, 191, 194, 197, 198, 199, 200, 201, 202, 204, 205, 207, 209, 210, 212, 214, 216, 217, 219, 221, 222, 224, 226, 228, 229, 230], "summary": {"covered_lines": 117, "num_statements": 134, "percent_covered": 80.68181818181819, "percent_covered_display": "81", "missing_lines": 17, "excluded_lines": 0, "percent_statements_covered": 87.31343283582089, "percent_statements_covered_display": "87", "num_branches": 42, "num_partial_branches": 17, "covered_branches": 25, "missing_branches": 17, "percent_branches_covered": 59.523809523809526, "percent_branches_covered_display": "60"}, "missing_lines": [69, 72, 75, 78, 96, 98, 100, 102, 110, 118, 140, 206, 211, 213, 218, 223, 225], "excluded_lines": [], "executed_branches": [[68, 70], [71, 73], [73, 74], [73, 76], [74, 73], [77, 79], [95, 97], [97, 99], [99, 101], [101, 103], [109, 111], [117, 119], [130, 131], [130, 142], [139, 141], [167, 168], [167, 184], [205, 207], [210, 212], [212, 214], [217, 219], [222, 224], [224, 226], [229, -228], [229, 230]], "missing_branches": [[68, 69], [71, 72], [74, 75], [77, 78], [95, 96], [97, 98], [99, 100], [101, 102], [109, 110], [117, 118], [139, 140], [205, 206], [210, 211], [212, 213], [217, 218], [222, 223], [224, 225]], "functions": {"Candidate.candidate_id": {"executed_lines": [34], "summary": {"covered_lines": 1, "num_statements": 1, "percent_covered": 100.0, "percent_covered_display": "100", "missing_lines": 0, "excluded_lines": 0, "percent_statements_covered": 100.0, "percent_statements_covered_display": "100", "num_branches": 0, "num_partial_branches": 0, "covered_branches": 0, "missing_branches": 0, "percent_branches_covered": 100.0, "percent_branches_covered_display": "100"}, "missing_lines": [], "excluded_lines": [], "start_line": 33, "executed_branches": [], "missing_branches": []}, "Candidate.to_dict": {"executed_lines": [41], "summary": {"covered_lines": 1, "num_statements": 1, "percent_covered": 100.0, "percent_covered_display": "100", "missing_lines": 0, "excluded_lines": 0, "percent_statements_covered": 100.0, "percent_statements_covered_display": "100", "num_branches": 0, "num_partial_branches": 0, "covered_branches": 0, "missing_branches": 0, "percent_branches_covered": 100.0, "percent_branches_covered_display": "100"}, "missing_lines": [], "excluded_lines": [], "start_line": 40, "executed_branches": [], "missing_branches": []}, "generate_candidate_grid": {"executed_lines": [59, 67, 68, 70, 71, 73, 74, 76, 77, 79], "summary": {"covered_lines": 10, "num_statements": 14, "percent_covered": 66.66666666666667, "percent_covered_display": "67", "missing_lines": 4, "excluded_lines": 0, "percent_statements_covered": 71.42857142857143, "percent_statements_covered_display": "71", "num_branches": 10, "num_partial_branches": 4, "covered_branches": 6, "missing_branches": 4, "percent_branches_covered": 60.0, "percent_branches_covered_display": "60"}, "missing_lines": [69, 72, 75, 78], "excluded_lines": [], "start_line": 58, "executed_branches": [[68, 70], [71, 73], [73, 74], [73, 76], [74, 73], [77, 79]], "missing_branches": [[68, 69], [71, 72], [74, 75], [77, 78]]}, "_week_key": {"executed_lines": [83, 84], "summary": {"covered_lines": 2, "num_statements": 2, "percent_covered": 100.0, "percent_covered_display": "100", "missing_lines": 0, "excluded_lines": 0, "percent_statements_covered": 100.0, "percent_statements_covered_display": "100", "num_branches": 0, "num_partial_branches": 0, "covered_branches": 0, "missing_branches": 0, "percent_branches_covered": 100.0, "percent_branches_covered_display": "100"}, "missing_lines": [], "excluded_lines": [], "start_line": 82, "executed_branches": [], "missing_branches": []}, "build_chronological_periods": {"executed_lines": [95, 97, 99, 101, 103, 104, 109, 111, 112, 114, 121, 122, 123, 124, 125, 127, 128, 129, 130, 131, 132, 133, 134, 139, 141, 142], "summary": {"covered_lines": 26, "num_statements": 32, "percent_covered": 73.91304347826087, "percent_covered_display": "74", "missing_lines": 6, "excluded_lines": 0, "percent_statements_covered": 81.25, "percent_statements_covered_display": "81", "num_branches": 14, "num_partial_branches": 6, "covered_branches": 8, "missing_branches": 6, "percent_branches_covered": 57.142857142857146, "percent_branches_covered_display": "57"}, "missing_lines": [96, 98, 100, 102, 110, 140], "excluded_lines": [], "start_line": 87, "executed_branches": [[95, 97], [97, 99], [99, 101], [101, 103], [109, 111], [130, 131], [130, 142], [139, 141]], "missing_branches": [[95, 96], [97, 98], [99, 100], [101, 102], [109, 110], [139, 140]]}, "build_chronological_periods.boundary_at": {"executed_lines": [115, 116, 117, 119], "summary": {"covered_lines": 4, "num_statements": 5, "percent_covered": 71.42857142857143, "percent_covered_display": "71", "missing_lines": 1, "excluded_lines": 0, "percent_statements_covered": 80.0, "percent_statements_covered_display": "80", "num_branches": 2, "num_partial_branches": 1, "covered_branches": 1, "missing_branches": 1, "percent_branches_covered": 50.0, "percent_branches_covered_display": "50"}, "missing_lines": [118], "excluded_lines": [], "start_line": 114, "executed_branches": [[117, 119]], "missing_branches": [[117, 118]]}, "penalized_score": {"executed_lines": [146, 147, 148], "summary": {"covered_lines": 3, "num_statements": 3, "percent_covered": 100.0, "percent_covered_display": "100", "missing_lines": 0, "excluded_lines": 0, "percent_statements_covered": 100.0, "percent_statements_covered_display": "100", "num_branches": 0, "num_partial_branches": 0, "covered_branches": 0, "missing_branches": 0, "percent_branches_covered": 100.0, "percent_branches_covered_display": "100"}, "missing_lines": [], "excluded_lines": [], "start_line": 145, "executed_branches": [], "missing_branches": []}, "_hamming_distance": {"executed_lines": [157], "summary": {"covered_lines": 1, "num_statements": 1, "percent_covered": 100.0, "percent_covered_display": "100", "missing_lines": 0, "excluded_lines": 0, "percent_statements_covered": 100.0, "percent_statements_covered_display": "100", "num_branches": 0, "num_partial_branches": 0, "covered_branches": 0, "missing_branches": 0, "percent_branches_covered": 100.0, "percent_branches_covered_display": "100"}, "missing_lines": [], "excluded_lines": [], "start_line": 156, "executed_branches": [], "missing_branches": []}, "select_stable_finalists": {"executed_lines": [166, 167, 168, 173, 174, 175, 176, 177, 184, 191], "summary": {"covered_lines": 10, "num_statements": 10, "percent_covered": 100.0, "percent_covered_display": "100", "missing_lines": 0, "excluded_lines": 0, "percent_statements_covered": 100.0, "percent_statements_covered_display": "100", "num_branches": 2, "num_partial_branches": 0, "covered_branches": 2, "missing_branches": 0, "percent_branches_covered": 100.0, "percent_branches_covered_display": "100"}, "missing_lines": [], "excluded_lines": [], "start_line": 160, "executed_branches": [[167, 168], [167, 184]], "missing_branches": []}, "ExperimentGate.__init__": {"executed_lines": [198, 199, 200, 201, 202], "summary": {"covered_lines": 5, "num_statements": 5, "percent_covered": 100.0, "percent_covered_display": "100", "missing_lines": 0, "excluded_lines": 0, "percent_statements_covered": 100.0, "percent_statements_covered_display": "100", "num_branches": 0, "num_partial_branches": 0, "covered_branches": 0, "missing_branches": 0, "percent_branches_covered": 100.0, "percent_branches_covered_display": "100"}, "missing_lines": [], "excluded_lines": [], "start_line": 197, "executed_branches": [], "missing_branches": []}, "ExperimentGate.record_training": {"executed_lines": [205, 207], "summary": {"covered_lines": 2, "num_statements": 3, "percent_covered": 60.0, "percent_covered_display": "60", "missing_lines": 1, "excluded_lines": 0, "percent_statements_covered": 66.66666666666667, "percent_statements_covered_display": "67", "num_branches": 2, "num_partial_branches": 1, "covered_branches": 1, "missing_branches": 1, "percent_branches_covered": 50.0, "percent_branches_covered_display": "50"}, "missing_lines": [206], "excluded_lines": [], "start_line": 204, "executed_branches": [[205, 207]], "missing_branches": [[205, 206]]}, "ExperimentGate.set_finalists": {"executed_lines": [210, 212, 214], "summary": {"covered_lines": 3, "num_statements": 5, "percent_covered": 55.55555555555556, "percent_covered_display": "56", "missing_lines": 2, "excluded_lines": 0, "percent_statements_covered": 60.0, "percent_statements_covered_display": "60", "num_branches": 4, "num_partial_branches": 2, "covered_branches": 2, "missing_branches": 2, "percent_branches_covered": 50.0, "percent_branches_covered_display": "50"}, "missing_lines": [211, 213], "excluded_lines": [], "start_line": 209, "executed_branches": [[210, 212], [212, 214]], "missing_branches": [[210, 211], [212, 213]]}, "ExperimentGate.record_validation": {"executed_lines": [217, 219], "summary": {"covered_lines": 2, "num_statements": 3, "percent_covered": 60.0, "percent_covered_display": "60", "missing_lines": 1, "excluded_lines": 0, "percent_statements_covered": 66.66666666666667, "percent_statements_covered_display": "67", "num_branches": 2, "num_partial_branches": 1, "covered_branches": 1, "missing_branches": 1, "percent_branches_covered": 50.0, "percent_branches_covered_display": "50"}, "missing_lines": [218], "excluded_lines": [], "start_line": 216, "executed_branches": [[217, 219]], "missing_branches": [[217, 218]]}, "ExperimentGate.lock_candidate": {"executed_lines": [222, 224, 226], "summary": {"covered_lines": 3, "num_statements": 5, "percent_covered": 55.55555555555556, "percent_covered_display": "56", "missing_lines": 2, "excluded_lines": 0, "percent_statements_covered": 60.0, "percent_statements_covered_display": "60", "num_branches": 4, "num_partial_branches": 2, "covered_branches": 2, "missing_branches": 2, "percent_branches_covered": 50.0, "percent_branches_covered_display": "50"}, "missing_lines": [223, 225], "excluded_lines": [], "start_line": 221, "executed_branches": [[222, 224], [224, 226]], "missing_branches": [[222, 223], [224, 225]]}, "ExperimentGate.assert_test_access": {"executed_lines": [229, 230], "summary": {"covered_lines": 2, "num_statements": 2, "percent_covered": 100.0, "percent_covered_display": "100", "missing_lines": 0, "excluded_lines": 0, "percent_statements_covered": 100.0, "percent_statements_covered_display": "100", "num_branches": 2, "num_partial_branches": 0, "covered_branches": 2, "missing_branches": 0, "percent_branches_covered": 100.0, "percent_branches_covered_display": "100"}, "missing_lines": [], "excluded_lines": [], "start_line": 228, "executed_branches": [[229, -228], [229, 230]], "missing_branches": []}, "": {"executed_lines": [3, 5, 6, 7, 8, 10, 11, 13, 23, 24, 25, 26, 27, 28, 29, 30, 32, 33, 40, 44, 45, 46, 47, 50, 51, 52, 53, 54, 55, 58, 82, 87, 145, 156, 160, 194, 197, 204, 209, 216, 221, 228], "summary": {"covered_lines": 42, "num_statements": 42, "percent_covered": 100.0, "percent_covered_display": "100", "missing_lines": 0, "excluded_lines": 0, "percent_statements_covered": 100.0, "percent_statements_covered_display": "100", "num_branches": 0, "num_partial_branches": 0, "covered_branches": 0, "missing_branches": 0, "percent_branches_covered": 100.0, "percent_branches_covered_display": "100"}, "missing_lines": [], "excluded_lines": [], "start_line": 1, "executed_branches": [], "missing_branches": []}}, "classes": {"Candidate": {"executed_lines": [34, 41], "summary": {"covered_lines": 2, "num_statements": 2, "percent_covered": 100.0, "percent_covered_display": "100", "missing_lines": 0, "excluded_lines": 0, "percent_statements_covered": 100.0, "percent_statements_covered_display": "100", "num_branches": 0, "num_partial_branches": 0, "covered_branches": 0, "missing_branches": 0, "percent_branches_covered": 100.0, "percent_branches_covered_display": "100"}, "missing_lines": [], "excluded_lines": [], "start_line": 24, "executed_branches": [], "missing_branches": []}, "Period": {"executed_lines": [], "summary": {"covered_lines": 0, "num_statements": 0, "percent_covered": 100.0, "percent_covered_display": "100", "missing_lines": 0, "excluded_lines": 0, "percent_statements_covered": 100.0, "percent_statements_covered_display": "100", "num_branches": 0, "num_partial_branches": 0, "covered_branches": 0, "missing_branches": 0, "percent_branches_covered": 100.0, "percent_branches_covered_display": "100"}, "missing_lines": [], "excluded_lines": [], "start_line": 45, "executed_branches": [], "missing_branches": []}, "ExperimentPeriods": {"executed_lines": [], "summary": {"covered_lines": 0, "num_statements": 0, "percent_covered": 100.0, "percent_covered_display": "100", "missing_lines": 0, "excluded_lines": 0, "percent_statements_covered": 100.0, "percent_statements_covered_display": "100", "num_branches": 0, "num_partial_branches": 0, "covered_branches": 0, "missing_branches": 0, "percent_branches_covered": 100.0, "percent_branches_covered_display": "100"}, "missing_lines": [], "excluded_lines": [], "start_line": 51, "executed_branches": [], "missing_branches": []}, "ExperimentGate": {"executed_lines": [198, 199, 200, 201, 202, 205, 207, 210, 212, 214, 217, 219, 222, 224, 226, 229, 230], "summary": {"covered_lines": 17, "num_statements": 23, "percent_covered": 67.56756756756756, "percent_covered_display": "68", "missing_lines": 6, "excluded_lines": 0, "percent_statements_covered": 73.91304347826087, "percent_statements_covered_display": "74", "num_branches": 14, "num_partial_branches": 6, "covered_branches": 8, "missing_branches": 6, "percent_branches_covered": 57.142857142857146, "percent_branches_covered_display": "57"}, "missing_lines": [206, 211, 213, 218, 223, 225], "excluded_lines": [], "start_line": 194, "executed_branches": [[205, 207], [210, 212], [212, 214], [217, 219], [222, 224], [224, 226], [229, -228], [229, 230]], "missing_branches": [[205, 206], [210, 211], [212, 213], [217, 218], [222, 223], [224, 225]]}, "": {"executed_lines": [3, 5, 6, 7, 8, 10, 11, 13, 23, 24, 25, 26, 27, 28, 29, 30, 32, 33, 40, 44, 45, 46, 47, 50, 51, 52, 53, 54, 55, 58, 59, 67, 68, 70, 71, 73, 74, 76, 77, 79, 82, 83, 84, 87, 95, 97, 99, 101, 103, 104, 109, 111, 112, 114, 115, 116, 117, 119, 121, 122, 123, 124, 125, 127, 128, 129, 130, 131, 132, 133, 134, 139, 141, 142, 145, 146, 147, 148, 156, 157, 160, 166, 167, 168, 173, 174, 175, 176, 177, 184, 191, 194, 197, 204, 209, 216, 221, 228], "summary": {"covered_lines": 98, "num_statements": 109, "percent_covered": 83.94160583941606, "percent_covered_display": "84", "m
[...]
 [107, 114]], "functions": {"_normal_cdf": {"executed_lines": [16], "summary": {"covered_lines": 1, "num_statements": 1, "percent_covered": 100.0, "percent_covered_display": "100", "missing_lines": 0, "excluded_lines": 0, "percent_statements_covered": 100.0, "percent_statements_covered_display": "100", "num_branches": 0, "num_partial_branches": 0, "covered_branches": 0, "missing_branches": 0, "percent_branches_covered": 100.0, "percent_branches_covered_display": "100"}, "missing_lines": [], "excluded_lines": [], "start_line": 15, "executed_branches": [], "missing_branches": []}, "probabilistic_sharpe_ratio": {"executed_lines": [22, 23, 24, 26, 27, 28, 29, 30, 31, 32, 35, 36], "summary": {"covered_lines": 12, "num_statements": 13, "percent_covered": 86.66666666666667, "percent_covered_display": "87", "missing_lines": 1, "excluded_lines": 0, "percent_statements_covered": 92.3076923076923, "percent_statements_covered_display": "92", "num_branches": 2, "num_partial_branches": 1, "covered_branches": 1, "missing_branches": 1, "percent_branches_covered": 50.0, "percent_branches_covered_display": "50"}, "missing_lines": [25], "excluded_lines": [], "start_line": 19, "executed_branches": [[24, 26]], "missing_branches": [[24, 25]]}, "block_bootstrap_ci": {"executed_lines": [47, 48, 49, 50, 51, 52, 53, 54, 55, 56, 57, 58, 59, 60, 61, 67, 68, 69], "summary": {"covered_lines": 18, "num_statements": 22, "percent_covered": 78.125, "percent_covered_display": "78", "missing_lines": 4, "excluded_lines": 0, "percent_statements_covered": 81.81818181818181, "percent_statements_covered_display": "82", "num_branches": 10, "num_partial_branches": 1, "covered_branches": 7, "missing_branches": 3, "percent_branches_covered": 70.0, "percent_branches_covered_display": "70"}, "missing_lines": [62, 63, 64, 66], "excluded_lines": [], "start_line": 39, "executed_branches": [[49, 50], [49, 51], [53, 54], [53, 68], [55, 56], [55, 59], [60, 61]], "missing_branches": [[60, 62], [62, 63], [62, 66]]}, "_expected_max_sharpe": {"executed_lines": [], "summary": {"covered_lines": 0, "num_statements": 10, "percent_covered": 0.0, "percent_covered_display": "0", "missing_lines": 10, "excluded_lines": 0, "percent_statements_covered": 0.0, "percent_statements_covered_display": "0", "num_branches": 2, "num_partial_branches": 0, "covered_branches": 0, "missing_branches": 2, "percent_branches_covered": 0.0, "percent_branches_covered_display": "0"}, "missing_lines": [73, 74, 75, 76, 77, 78, 79, 80, 81, 82], "excluded_lines": [], "start_line": 72, "executed_branches": [], "missing_branches": [[76, 77], [76, 78]]}, "generate_statistical_diagnostic": {"executed_lines": [], "summary": {"covered_lines": 0, "num_statements": 27, "percent_covered": 0.0, "percent_covered_display": "0", "missing_lines": 27, "excluded_lines": 0, "percent_statements_covered": 0.0, "percent_statements_covered_display": "0", "num_branches": 2, "num_partial_branches": 0, "covered_branches": 0, "missing_branches": 2, "percent_branches_covered": 0.0, "percent_branches_covered_display": "0"}, "missing_lines": [93, 94, 95, 96, 97, 98, 99, 100, 101, 102, 103, 104, 105, 106, 107, 108, 109, 114, 122, 168, 169, 170, 171, 172, 190, 191, 192], "excluded_lines": [], "start_line": 85, "executed_branches": [], "missing_branches": [[107, 108], [107, 114]]}, "": {"executed_lines": [3, 5, 6, 7, 8, 9, 11, 12, 15, 19, 39, 72, 85], "summary": {"covered_lines": 13, "num_statements": 13, "percent_covered": 100.0, "percent_covered_display": "100", "missing_lines": 0, "excluded_lines": 0, "percent_statements_covered": 100.0, "percent_statements_covered_display": "100", "num_branches": 0, "num_partial_branches": 0, "covered_branches": 0, "missing_branches": 0, "percent_branches_covered": 100.0, "percent_branches_covered_display": "100"}, "missing_lines": [], "excluded_lines": [], "start_line": 1, "executed_branches": [], "missing_branches": []}}, "classes": {"": {"executed_lines": [3, 5, 6, 7, 8, 9, 11, 12, 15, 16, 19, 22, 23, 24, 26, 27, 28, 29, 30, 31, 32, 35, 36, 39, 47, 48, 49, 50, 51, 52, 53, 54, 55, 56, 57, 58, 59, 60, 61, 67, 68, 69, 72, 85], "summary": {"covered_lines": 44, "num_statements": 86, "percent_covered": 50.98039215686274, "percent_covered_display": "51", "missing_lines": 42, "excluded_lines": 0, "percent_statements_covered": 51.16279069767442, "percent_statements_covered_display": "51", "num_branches": 16, "num_partial_branches": 2, "covered_branches": 8, "missing_branches": 8, "percent_branches_covered": 50.0, "percent_branches_covered_display": "50"}, "missing_lines": [25, 62, 63, 64, 66, 73, 74, 75, 76, 77, 78, 79, 80, 81, 82, 93, 94, 95, 96, 97, 98, 99, 100, 101, 102, 103, 104, 105, 106, 107, 108, 109, 114, 122, 168, 169, 170, 171, 172, 190, 191, 192], "excluded_lines": [], "start_line": 1, "executed_branches": [[24, 26], [49, 50], [49, 51], [53, 54], [53, 68], [55, 56], [55, 59], [60, 61]], "missing_branches": [[24, 25], [60, 62], [62, 63], [62, 66], [76, 77], [76, 78], [107, 108], [107, 114]]}}}, "src\\storage.py": {"executed_lines": [1, 3, 4, 6, 9, 10, 11, 12, 15, 16, 17, 18], "summary": {"covered_lines": 12, "num_statements": 12, "percent_covered": 100.0, "percent_covered_display": "100", "missing_lines": 0, "excluded_lines": 0, "percent_statements_covered": 100.0, "percent_statements_covered_display": "100", "num_branches": 0, "num_partial_branches": 0, "covered_branches": 0, "missing_branches": 0, "percent_branches_covered": 100.0, "percent_branches_covered_display": "100"}, "missing_lines": [], "excluded_lines": [], "executed_branches": [], "missing_branches": [], "functions": {"save_raw_json": {"executed_lines": [10, 11, 12], "summary": {"covered_lines": 3, "num_statements": 3, "percent_covered": 100.0, "percent_covered_display": "100", "missing_lines": 0, "excluded_lines": 0, "percent_statements_covered": 100.0, "percent_statements_covered_display": "100", "num_branches": 0, "num_partial_branches": 0, "covered_branches": 0, "missing_branches": 0, "percent_branches_covered": 100.0, "percent_branches_covered_display": "100"}, "missing_lines": [], "excluded_lines": [], "start_line": 9, "executed_branches": [], "missing_branches": []}, "save_clean_parquet": {"executed_lines": [16, 17, 18], "summary": {"covered_lines": 3, "num_statements": 3, "percent_covered": 100.0, "percent_covered_display": "100", "missing_lines": 0, "excluded_lines": 0, "percent_statements_covered": 100.0, "percent_statements_covered_display": "100", "num_branches": 0, "num_partial_branches": 0, "covered_branches": 0, "missing_branches": 0, "percent_branches_covered": 100.0, "percent_branches_covered_display": "100"}, "missing_lines": [], "excluded_lines": [], "start_line": 15, "executed_branches": [], "missing_branches": []}, "": {"executed_lines": [1, 3, 4, 6, 9, 15], "summary": {"covered_lines": 6, "num_statements": 6, "percent_covered": 100.0, "percent_covered_display": "100", "missing_lines": 0, "excluded_lines": 0, "percent_statements_covered": 100.0, "percent_statements_covered_display": "100", "num_branches": 0, "num_partial_branches": 0, "covered_branches": 0, "missing_branches": 0, "percent_branches_covered": 100.0, "percent_branches_covered_display": "100"}, "missing_lines": [], "excluded_lines": [], "start_line": 1, "executed_branches": [], "missing_branches": []}}, "classes": {"": {"executed_lines": [1, 3, 4, 6, 9, 10, 11, 12, 15, 16, 17, 18], "summary": {"covered_lines": 12, "num_statements": 12, "percent_covered": 100.0, "percent_covered_display": "100", "missing_lines": 0, "excluded_lines": 0, "percent_statements_covered": 100.0, "percent_statements_covered_display": "100", "num_branches": 0, "num_partial_branches": 0, "covered_branches": 0, "missing_branches": 0, "percent_branches_covered": 100.0, "percent_branches_covered_display": "100"}, "missing_lines": [], "excluded_lines": [], "start_line": 1, "executed_branches": [], "missing_branches": []}}}, "src\\strategy.py": {"executed_lines": [3, 5, 6, 8, 9, 11, 14, 15, 16, 17, 18, 19, 20, 21, 22, 23, 32, 35, 38, 39, 40, 41, 42, 43, 44, 45, 46, 49, 56, 57, 59, 60, 61, 66, 68, 71, 72, 73, 74, 75, 76, 77, 78, 83, 84, 89, 90, 93, 95, 96, 106, 107, 109, 111, 119], "summary": {"covered_lines": 55, "num_statements": 58, "percent_covered": 90.9090909090909, "percent_covered_display": "91", "missing_lines": 3, "excluded_lines": 0, "percent_statements_covered": 94.82758620689656, "percent_statements_covered_display": "95", "num_branches": 8, "num_partial_branches": 3, "covered_branches": 5, "missing_branches": 3, "percent_branches_covered": 62.5, "percent_branches_covered_display": "62"}, "missing_lines": [58, 67, 69], "excluded_lines": [], "executed_branches": [[57, 59], [66, 68], [68, 71], [95, 96], [95, 109]], "missing_branches": [[57, 58], [66, 67], [68, 69]], "functions": {"generate_signal": {"executed_lines": [56, 57, 59, 60, 61, 66, 68, 71, 72, 73, 74, 75, 76, 77, 78, 83, 84, 89, 90, 93, 95, 96, 106, 107, 109, 111, 119], "summary": {"covered_lines": 27, "num_statements": 30, "percent_covered": 84.21052631578948, "percent_covered_display": "84", "missing_lines": 3, "excluded_lines": 0, "percent_statements_covered": 90.0, "percent_statements_covered_display": "90", "num_branches": 8, "num_partial_branches": 3, "covered_branches": 5, "missing_branches": 3, "percent_branches_covered": 62.5, "percent_branches_covered_display": "62"}, "missing_lines": [58, 67, 69], "excluded_lines": [], "start_line": 49, "executed_branches": [[57, 59], [66, 68], [68, 71], [95, 96], [95, 109]], "missing_branches": [[57, 58], [66, 67], [68, 69]]}, "": {"executed_lines": [3, 5, 6, 8, 9, 11, 14, 15, 16, 17, 18, 19, 20, 21, 22, 23, 32, 35, 38, 39, 40, 41, 42, 43, 44, 45, 46, 49], "summary": {"covered_lines": 28, "num_statements": 28, "percent_covered": 100.0, "percent_covered_display": "100", "missing_lines": 0, "excluded_lines": 0, "percent_statements_covered": 100.0, "percent_statements_covered_display": "100", "num_branches": 0, "num_partial_branches": 0, "covered_branches": 0, "missing_branches": 0, "percent_branches_covered": 100.0, "percent_branches_covered_display": "100"}, "missing_lines": [], "excluded_lines": [], "start_line": 1, "executed_branches": [], "missing_branches": []}}, "classes": {"StrategyConfig": {"executed_lines": [], "summary": {"covered_lines": 0, "num_statements": 0, "percent_covered": 100.0, "percent_covered_display": "100", "missing_lines": 0, "excluded_lines": 0, "percent_statements_covered": 100.0, "percent_statements_covered_display": "100", "num_branches": 0, "num_partial_branches": 0, "covered_branches": 0, "missing_branches": 0, "percent_branches_covered": 100.0, "percent_branches_covered_display": "100"}, "missing_lines": [], "excluded_lines": [], "start_line": 15, "executed_branches": [], "missing_branches": []}, "Signal": {"executed_lines": [], "summary": {"covered_lines": 0, "num_statements": 0, "percent_covered": 100.0, "percent_covered_display": "100", "missing_lines": 0, "excluded_lines": 0, "percent_statements_covered": 100.0, "percent_statements_covered_display": "100", "num_branches": 0, "num_partial_branches": 0, "covered_branches": 0, "missing_branches": 0, "percent_branches_covered": 100.0, "percent_branches_covered_display": "100"}, "missing_lines": [], "excluded_lines": [], "start_line": 39, "executed_branches": [], "missing_branches": []}, "": {"executed_lines": [3, 5, 6, 8, 9, 11, 14, 15, 16, 17, 18, 19, 20, 21, 22, 23, 32, 35, 38, 39, 40, 41, 42, 43, 44, 45, 46, 49, 56, 57, 59, 60, 61, 66, 68, 71, 72, 73, 74, 75, 76, 77, 78, 83, 84, 89, 90, 93, 95, 96, 106, 107, 109, 111, 119], "summary": {"covered_lines": 55, "num_statements": 58, "percent_covered": 90.9090909090909, "percent_covered_display": "91", "missing_lines": 3, "excluded_lines": 0, "percent_statements_covered": 94.82758620689656, "percent_statements_covered_display": "95", "num_branches": 8, "num_partial_branches": 3, "covered_branches": 5, "missing_branches": 3, "percent_branches_covered": 62.5, "percent_branches_covered_display": "62"}, "missing_lines": [58, 67, 69], "excluded_lines": [], "start_line": 1, "executed_branches": [[57, 59], [66, 68], [68, 71], [95, 96], [95, 109]], "missing_branches": [[57, 58], [66, 67], [68, 69]]}}}, "src\\validate_data.py": {"executed_lines": [1, 3, 5, 7, 8, 11, 12, 13, 14, 16, 17, 18, 21, 22, 23, 24, 25, 26, 29, 30, 31, 36, 39, 40, 50, 51, 52, 53, 54, 55, 66, 67, 68, 69, 70, 71, 72, 73, 74], "summary": {"covered_lines": 39, "num_statements": 40, "percent_covered": 95.65217391304348, "percent_covered_display": "96", "missing_lines": 1, "excluded_lines": 0, "percent_statements_covered": 97.5, "percent_statements_covered_display": "98", "num_branches": 6, "num_partial_branches": 1, "covered_branches": 5, "missing_branches": 1, "percent_branches_covered": 83.33333333333333, "percent_branches_covered_display": "83"}, "missing_lines": [41], "excluded_lines": [], "executed_branches": [[24, 25], [24, 26], [40, 50], [69, 70], [69, 71]], "missing_branches": [[40, 41]], "functions": {"ValidationResult.is_valid": {"executed_lines": [18], "summary": {"covered_lines": 1, "num_statements": 1, "percent_covered": 100.0, "percent_covered_display": "100", "missing_lines": 0, "excluded_lines": 0, "percent_statements_covered": 100.0, "percent_statements_covered_display": "100", "num_branches": 0, "num_partial_branches": 0, "covered_branches": 0, "missing_branches": 0, "percent_branches_covered": 100.0, "percent_branches_covered_display": "100"}, "missing_lines": [], "excluded_lines": [], "start_line": 17, "executed_branches": [], "missing_branches": []}, "rows_to_frame": {"executed_lines": [22, 23, 24, 25, 26], "summary": {"covered_lines": 5, "num_statements": 5, "percent_covered": 100.0, "percent_covered_display": "100", "missing_lines": 0, "excluded_lines": 0, "percent_statements_covered": 100.0, "percent_statements_covered_display": "100", "num_branches": 2, "num_partial_branches": 0, "covered_branches": 2, "missing_branches": 0, "percent_branches_covered": 100.0, "percent_branches_covered_display": "100"}, "missing_lines": [], "excluded_lines": [], "start_line": 21, "executed_branches": [[24, 25], [24, 26]], "missing_branches": []}, "_masks": {"executed_lines": [30, 31, 36], "summary": {"covered_lines": 3, "num_statements": 3, "percent_covered": 100.0, "percent_covered_display": "100", "missing_lines": 0, "excluded_lines": 0, "percent_statements_covered": 100.0, "percent_statements_covered_display": "100", "num_branches": 0, "num_partial_branches": 0, "covered_branches": 0, "missing_branches": 0, "percent_branches_covered": 100.0, "percent_branches_covered_display": "100"}, "missing_lines": [], "excluded_lines": [], "start_line": 29, "executed_branches": [], "missing_branches": []}, "validate_ohlcv": {"executed_lines": [40, 50, 51, 52, 53, 54, 55], "summary": {"covered_lines": 7, "num_statements": 8, "percent_covered": 80.0, "percent_covered_display": "80", "missing_lines": 1, "excluded_lines": 0, "percent_statements_covered": 87.5, "percent_statements_covered_display": "88", "num_branches": 2, "num_partial_branches": 1, "covered_branches": 1, "missing_branches": 1, "percent_branches_covered": 50.0, "percent_branches_covered_display": "50"}, "missing_lines": [41], "excluded_lines": [], "start_line": 39, "executed_branches": [[40, 50]], "missing_branches": [[40, 41]]}, "clean_ohlcv": {"executed_lines": [67, 68, 69, 70, 71, 72, 73, 74], "summary": {"covered_lines": 8, "num_statements": 8, "percent_covered": 100.0, "percent_covered_display": "100", "missing_lines": 0, "excluded_lines": 0, "percent_statements_covered": 100.0, "percent_statements_covered_display": "100", "num_branches": 2, "num_partial_branches": 0, "covered_branches": 2, "missing_branches": 0, "percent_branches_covered": 100.0, "percent_branches_covered_display": "100"}, "missing_lines": [], "excluded_lines": [], "start_line": 66, "executed_branches": [[69, 70], [69, 71]], "missing_branches": []}, "": {"executed_lines": [1, 3, 5, 7, 8, 11, 12, 13, 14, 16, 17, 21, 29, 39, 66], "summary": {"covered_lines": 15, "num_statements": 15, "percent_covered": 100.0, "percent_covered_display": "100", "missing_lines": 0, "excluded_lines": 0, "percent_statements_covered": 100.0, "percent_statements_covered_display": "100", "num_branches": 0, "num_partial_branches": 0, "covered_branches": 0, "missing_branches": 0, "percent_branches_covered": 100.0, "percent_branches_covered_display": "100"}, "missing_lines": [], "excluded_lines": [], "start_line": 1, "executed_branches": [], "missing_branches": []}}, "classes": {"ValidationResult": {"executed_lines": [18], "summary": {"covered_lines": 1, "num_statements": 1, "percent_covered": 100.0, "percent_covered_display": "100", "missing_lines": 0, "excluded_lines": 0, "percent_statements_covered": 100.0, "percent_statements_covered_display": "100", "num_branches": 0, "num_partial_branches": 0, "covered_branches": 0, "missing_branches": 0, "percent_branches_covered": 100.0, "percent_branches_covered_display": "100"}, "missing_lines": [], "excluded_lines": [], "start_line": 12, "executed_branches": [], "missing_branches": []}, "": {"executed_lines": [1, 3, 5, 7, 8, 11, 12, 13, 14, 16, 17, 21, 22, 23, 24, 25, 26, 29, 30, 31, 36, 39, 40, 50, 51, 52, 53, 54, 55, 66, 67, 68, 69, 70, 71, 72, 73, 74], "summary": {"covered_lines": 38, "num_statements": 39, "percent_covered": 95.55555555555556, "percent_covered_display": "96", "missing_lines": 1, "excluded_lines": 0, "percent_statements_covered": 97.43589743589743, "percent_statements_covered_display": "97", "num_branches": 6, "num_partial_branches": 1, "covered_branches": 5, "missing_branches": 1, "percent_branches_covered": 83.33333333333333, "percent_branches_covered_display": "83"}, "missing_lines": [41], "excluded_lines": [], "start_line": 1, "executed_branches": [[24, 25], [24, 26], [40, 50], [69, 70], [69, 71]], "missing_branches": [[40, 41]]}}}, "src\\walk_forward.py": {"executed_lines": [], "summary": {"covered_lines": 0, "num_statements": 0, "percent_covered": 100.0, "percent_covered_display": "100", "missing_lines": 0, "excluded_lines": 0, "percent_statements_covered": 100.0, "percent_statements_covered_display": "100", "num_branches": 0, "num_partial_branches": 0, "covered_branches": 0, "missing_branches": 0, "percent_branches_covered": 100.0, "percent_branches_covered_display": "100"}, "missing_lines": [], "excluded_lines": [], "executed_branches": [], "missing_branches": [], "functions": {"": {"executed_lines": [], "summary": {"covered_lines": 0, "num_statements": 0, "percent_covered": 100.0, "percent_covered_display": "100", "missing_lines": 0, "excluded_lines": 0, "percent_statements_covered": 100.0, "percent_statements_covered_display": "100", "num_branches": 0, "num_partial_branches": 0, "covered_branches": 0, "missing_branches": 0, "percent_branches_covered": 100.0, "percent_branches_covered_display": "100"}, "missing_lines": [], "excluded_lines": [], "start_line": 1, "executed_branches": [], "missing_branches": []}}, "classes": {"": {"executed_lines": [], "summary": {"covered_lines": 0, "num_statements": 0, "percent_covered": 100.0, "percent_covered_display": "100", "missing_lines": 0, "excluded_lines": 0, "percent_statements_covered": 100.0, "percent_statements_covered_display": "100", "num_branches": 0, "num_partial_branches": 0, "covered_branches": 0, "missing_branches": 0, "percent_branches_covered": 100.0, "percent_branches_covered_display": "100"}, "missing_lines": [], "excluded_lines": [], "start_line": 1, "executed_branches": [], "missing_branches": []}}}}, "totals": {"covered_lines": 1905, "num_statements": 2329, "percent_covered": 77.10391822827938, "percent_covered_display": "77", "missing_lines": 424, "excluded_lines": 0, "percent_statements_covered": 81.79476170030055, "percent_statements_covered_display": "82", "num_branches": 606, "num_partial_branches": 170, "covered_branches": 358, "missing_branches": 248, "percent_branches_covered": 59.07590759075907, "percent_branches_covered_display": "59"}}